2024-07-03 17:33:25,731 - error_log - ERROR - Commit without associated PR
2024-07-03 17:33:25,731 - error_log - ERROR - Issue: 1643 in jabref
2024-07-03 17:33:38,621 - error_log - ERROR - Commit without associated PR
2024-07-03 17:33:38,621 - error_log - ERROR - Issue: 1554 in jabref
2024-07-03 17:34:24,625 - error_log - ERROR - Commit without associated PR
2024-07-03 17:34:24,626 - error_log - ERROR - Issue: 1441 in jabref
2024-07-03 17:34:38,967 - error_log - ERROR - Commit without associated PR
2024-07-03 17:34:38,967 - error_log - ERROR - Issue: 1412 in jabref
2024-07-03 17:34:42,764 - error_log - ERROR - Commit without associated PR
2024-07-03 17:34:42,764 - error_log - ERROR - Issue: 1402 in jabref
2024-07-03 17:34:43,158 - error_log - ERROR - Commit without associated PR
2024-07-03 17:34:43,158 - error_log - ERROR - Issue: 1400 in jabref
2024-07-03 17:34:52,028 - error_log - ERROR - Commit without associated PR
2024-07-03 17:34:52,028 - error_log - ERROR - Issue: 1364 in jabref
2024-07-03 17:36:13,558 - error_log - ERROR - Commit without associated PR
2024-07-03 17:36:13,559 - error_log - ERROR - Issue: 1134 in jabref
2024-07-03 17:36:21,721 - error_log - ERROR - Commit without associated PR
2024-07-03 17:36:21,721 - error_log - ERROR - Issue: 1104 in jabref
2024-07-03 17:36:43,938 - error_log - ERROR - Commit without associated PR
2024-07-03 17:36:43,939 - error_log - ERROR - Issue: 1023 in jabref
2024-07-03 17:36:49,457 - error_log - ERROR - Commit without associated PR
2024-07-03 17:36:49,457 - error_log - ERROR - Issue: 1001 in jabref
2024-07-03 17:36:50,936 - error_log - ERROR - Commit without associated PR
2024-07-03 17:36:50,936 - error_log - ERROR - Issue: 993 in jabref
2024-07-03 17:36:51,369 - error_log - ERROR - PR without merge commit
2024-07-03 17:36:51,369 - error_log - ERROR - Issue: 991
2024-07-03 17:36:58,891 - error_log - ERROR - Commit without associated PR
2024-07-03 17:36:58,892 - error_log - ERROR - Issue: 972 in jabref
2024-07-03 17:37:03,306 - error_log - ERROR - Commit without associated PR
2024-07-03 17:37:03,306 - error_log - ERROR - Issue: 963 in jabref
2024-07-03 17:37:03,693 - error_log - ERROR - PR without merge commit - COMMIT
2024-07-03 17:37:03,693 - error_log - ERROR - Issue: 962 in jabref
2024-07-03 17:37:09,457 - error_log - ERROR - Commit without associated PR
2024-07-03 17:37:09,457 - error_log - ERROR - Issue: 943 in jabref
2024-07-03 17:37:10,263 - error_log - ERROR - PR without merge commit - CROSS_REFERENCE_EVENT
2024-07-03 17:37:10,263 - error_log - ERROR - Issue: 941
2024-07-03 17:37:12,515 - error_log - ERROR - PR without merge commit
2024-07-03 17:37:12,516 - error_log - ERROR - Issue: 936
2024-07-03 17:37:22,525 - error_log - ERROR - Commit without associated PR
2024-07-03 17:37:22,525 - error_log - ERROR - Issue: 913 in jabref
2024-07-03 17:37:23,067 - error_log - ERROR - PR without merge commit - CROSS_REFERENCE_EVENT
2024-07-03 17:37:23,068 - error_log - ERROR - Issue: 911
2024-07-03 17:37:27,842 - error_log - ERROR - PR without merge commit
2024-07-03 17:37:27,842 - error_log - ERROR - Issue: 890
2024-07-03 17:37:34,296 - error_log - ERROR - PR without merge commit - CROSS_REFERENCE_EVENT
2024-07-03 17:37:34,297 - error_log - ERROR - Issue: 878
2024-07-03 17:37:39,679 - error_log - ERROR - PR without merge commit - CROSS_REFERENCE_EVENT
2024-07-03 17:37:39,679 - error_log - ERROR - Issue: 859
2024-07-03 17:37:41,491 - error_log - ERROR - PR without merge commit
2024-07-03 17:37:41,491 - error_log - ERROR - Issue: 856
2024-07-03 17:37:47,230 - error_log - ERROR - Commit without associated PR
2024-07-03 17:37:47,230 - error_log - ERROR - Issue: 838 in jabref
2024-07-03 17:37:56,451 - error_log - ERROR - PR without merge commit
2024-07-03 17:37:56,451 - error_log - ERROR - Issue: 815
2024-07-03 17:37:58,833 - error_log - ERROR - Commit without associated PR
2024-07-03 17:37:58,833 - error_log - ERROR - Issue: 803 in jabref
2024-07-03 17:38:14,261 - error_log - ERROR - PR without merge commit - CROSS_REFERENCE_EVENT
2024-07-03 17:38:14,261 - error_log - ERROR - Issue: 763
2024-07-03 17:38:16,589 - error_log - ERROR - PR without merge commit - CROSS_REFERENCE_EVENT
2024-07-03 17:38:16,589 - error_log - ERROR - Issue: 756
2024-07-03 17:38:17,977 - error_log - ERROR - Commit without associated PR
2024-07-03 17:38:17,977 - error_log - ERROR - Issue: 754 in jabref
2024-07-03 17:38:18,336 - error_log - ERROR - PR without merge commit
2024-07-03 17:38:18,337 - error_log - ERROR - Issue: 751
2024-07-03 17:38:21,691 - error_log - ERROR - PR without merge commit
2024-07-03 17:38:21,691 - error_log - ERROR - Issue: 741
2024-07-03 17:38:23,437 - error_log - ERROR - PR without merge commit - CROSS_REFERENCE_EVENT
2024-07-03 17:38:23,437 - error_log - ERROR - Issue: 738
2024-07-03 17:38:27,857 - error_log - ERROR - PR without merge commit - CROSS_REFERENCE_EVENT
2024-07-03 17:38:27,857 - error_log - ERROR - Issue: 707
2024-07-03 17:38:33,645 - error_log - ERROR - Commit without associated PR
2024-07-03 17:38:33,645 - error_log - ERROR - Issue: 687 in jabref
2024-07-03 17:38:34,813 - error_log - ERROR - PR without merge commit - CROSS_REFERENCE_EVENT
2024-07-03 17:38:34,813 - error_log - ERROR - Issue: 685
2024-07-03 17:38:37,416 - error_log - ERROR - Commit without associated PR
2024-07-03 17:38:37,416 - error_log - ERROR - Issue: 680 in jabref
2024-07-03 17:38:42,887 - error_log - ERROR - PR without merge commit - COMMIT
2024-07-03 17:38:42,887 - error_log - ERROR - Issue: 671 in jabref
2024-07-03 17:38:44,333 - error_log - ERROR - Commit without associated PR
2024-07-03 17:38:44,333 - error_log - ERROR - Issue: 670 in jabref
2024-07-03 17:38:44,977 - error_log - ERROR - PR without merge commit - CROSS_REFERENCE_EVENT
2024-07-03 17:38:44,977 - error_log - ERROR - Issue: 669
2024-07-03 17:38:46,726 - error_log - ERROR - Commit without associated PR
2024-07-03 17:38:46,726 - error_log - ERROR - Issue: 667 in jabref
2024-07-03 17:38:55,177 - error_log - ERROR - PR without merge commit
2024-07-03 17:38:55,177 - error_log - ERROR - Issue: 649
2024-07-03 17:38:56,898 - error_log - ERROR - PR without merge commit - CROSS_REFERENCE_EVENT
2024-07-03 17:38:56,899 - error_log - ERROR - Issue: 647
2024-07-03 17:39:06,408 - error_log - ERROR - PR without merge commit
2024-07-03 17:39:06,408 - error_log - ERROR - Issue: 627
2024-07-03 17:39:10,338 - error_log - ERROR - Commit without associated PR
2024-07-03 17:39:10,338 - error_log - ERROR - Issue: 622 in jabref
2024-07-03 17:39:10,721 - error_log - ERROR - PR without merge commit
2024-07-03 17:39:10,721 - error_log - ERROR - Issue: 621
2024-07-03 17:39:16,488 - error_log - ERROR - Commit without associated PR
2024-07-03 17:39:16,488 - error_log - ERROR - Issue: 609 in jabref
2024-07-03 17:39:18,260 - error_log - ERROR - PR without merge commit - CROSS_REFERENCE_EVENT
2024-07-03 17:39:18,260 - error_log - ERROR - Issue: 607
2024-07-03 17:39:20,724 - error_log - ERROR - PR without merge commit
2024-07-03 17:39:20,724 - error_log - ERROR - Issue: 598
2024-07-03 17:39:22,448 - error_log - ERROR - PR without merge commit - CROSS_REFERENCE_EVENT
2024-07-03 17:39:22,448 - error_log - ERROR - Issue: 593
2024-07-03 17:39:28,714 - error_log - ERROR - PR without merge commit - COMMIT
2024-07-03 17:39:28,714 - error_log - ERROR - Issue: 564 in jabref
2024-07-03 17:39:32,573 - error_log - ERROR - PR without merge commit - CROSS_REFERENCE_EVENT
2024-07-03 17:39:32,574 - error_log - ERROR - Issue: 558
2024-07-03 17:39:40,614 - error_log - ERROR - Commit without associated PR
2024-07-03 17:39:40,614 - error_log - ERROR - Issue: 537 in jabref
2024-07-03 17:39:40,975 - error_log - ERROR - Commit without associated PR
2024-07-03 17:39:40,975 - error_log - ERROR - Issue: 535 in jabref
2024-07-03 17:39:41,603 - error_log - ERROR - PR without merge commit - CROSS_REFERENCE_EVENT
2024-07-03 17:39:41,603 - error_log - ERROR - Issue: 534
2024-07-03 17:39:42,860 - error_log - ERROR - Commit without associated PR
2024-07-03 17:39:42,860 - error_log - ERROR - Issue: 533 in jabref
2024-07-03 17:39:49,853 - error_log - ERROR - PR without merge commit - CROSS_REFERENCE_EVENT
2024-07-03 17:39:49,854 - error_log - ERROR - Issue: 520
2024-07-03 17:39:53,372 - error_log - ERROR - PR without merge commit
2024-07-03 17:39:53,372 - error_log - ERROR - Issue: 498
2024-07-03 17:39:59,807 - error_log - ERROR - PR without merge commit
2024-07-03 17:39:59,807 - error_log - ERROR - Issue: 492
2024-07-03 17:40:05,893 - error_log - ERROR - PR without merge commit - CROSS_REFERENCE_EVENT
2024-07-03 17:40:05,893 - error_log - ERROR - Issue: 479
2024-07-03 17:40:11,009 - error_log - ERROR - PR without merge commit - CROSS_REFERENCE_EVENT
2024-07-03 17:40:11,009 - error_log - ERROR - Issue: 470
2024-07-03 17:40:12,332 - error_log - ERROR - PR without merge commit
2024-07-03 17:40:12,332 - error_log - ERROR - Issue: 466
2024-07-03 17:40:19,359 - error_log - ERROR - PR without merge commit - CROSS_REFERENCE_EVENT
2024-07-03 17:40:19,359 - error_log - ERROR - Issue: 455
2024-07-03 17:40:20,816 - error_log - ERROR - PR without merge commit - COMMIT
2024-07-03 17:40:20,816 - error_log - ERROR - Issue: 454 in jabref
2024-07-03 17:40:25,482 - error_log - ERROR - PR without merge commit - CROSS_REFERENCE_EVENT
2024-07-03 17:40:25,482 - error_log - ERROR - Issue: 445
2024-07-03 17:40:27,731 - error_log - ERROR - PR without merge commit - CROSS_REFERENCE_EVENT
2024-07-03 17:40:27,731 - error_log - ERROR - Issue: 443
2024-07-03 17:40:30,080 - error_log - ERROR - Commit without associated PR
2024-07-03 17:40:30,080 - error_log - ERROR - Issue: 437 in jabref
2024-07-03 17:40:30,976 - error_log - ERROR - Commit without associated PR
2024-07-03 17:40:30,976 - error_log - ERROR - Issue: 435 in jabref
2024-07-03 17:40:31,314 - error_log - ERROR - Commit without associated PR
2024-07-03 17:40:31,314 - error_log - ERROR - Issue: 434 in jabref
2024-07-03 17:40:35,352 - error_log - ERROR - Commit without associated PR
2024-07-03 17:40:35,353 - error_log - ERROR - Issue: 420 in jabref
2024-07-03 17:40:36,259 - error_log - ERROR - Commit without associated PR
2024-07-03 17:40:36,259 - error_log - ERROR - Issue: 417 in jabref
2024-07-03 17:40:37,685 - error_log - ERROR - Commit without associated PR
2024-07-03 17:40:37,685 - error_log - ERROR - Issue: 414 in jabref
2024-07-03 17:40:38,003 - error_log - ERROR - Commit without associated PR
2024-07-03 17:40:38,003 - error_log - ERROR - Issue: 413 in jabref
2024-07-03 17:40:38,383 - error_log - ERROR - Commit without associated PR
2024-07-03 17:40:38,383 - error_log - ERROR - Issue: 412 in jabref
2024-07-03 17:40:42,579 - error_log - ERROR - PR without merge commit
2024-07-03 17:40:42,580 - error_log - ERROR - Issue: 402
2024-07-03 17:40:48,319 - error_log - ERROR - PR without merge commit - COMMIT
2024-07-03 17:40:48,319 - error_log - ERROR - Issue: 388 in jabref
2024-07-03 17:40:51,093 - error_log - ERROR - PR without merge commit - CROSS_REFERENCE_EVENT
2024-07-03 17:40:51,093 - error_log - ERROR - Issue: 384
2024-07-03 17:41:09,106 - error_log - ERROR - PR without merge commit - COMMIT
2024-07-03 17:41:09,106 - error_log - ERROR - Issue: 328 in jabref
2024-07-03 17:41:11,942 - error_log - ERROR - PR without merge commit - CROSS_REFERENCE_EVENT
2024-07-03 17:41:11,942 - error_log - ERROR - Issue: 324
2024-07-03 17:41:15,684 - error_log - ERROR - PR without merge commit - CROSS_REFERENCE_EVENT
2024-07-03 17:41:15,685 - error_log - ERROR - Issue: 315
2024-07-03 17:41:19,991 - error_log - ERROR - PR without merge commit
2024-07-03 17:41:19,991 - error_log - ERROR - Issue: 295
2024-07-03 17:41:22,111 - error_log - ERROR - PR without merge commit
2024-07-03 17:41:22,111 - error_log - ERROR - Issue: 290
2024-07-03 17:41:24,793 - error_log - ERROR - Commit without associated PR
2024-07-03 17:41:24,793 - error_log - ERROR - Issue: 285 in jabref
2024-07-03 17:41:25,160 - error_log - ERROR - Commit without associated PR
2024-07-03 17:41:25,160 - error_log - ERROR - Issue: 284 in jabref
2024-07-03 17:41:26,643 - error_log - ERROR - Commit without associated PR
2024-07-03 17:41:26,643 - error_log - ERROR - Issue: 279 in jabref
2024-07-03 17:41:27,899 - error_log - ERROR - Commit without associated PR
2024-07-03 17:41:27,899 - error_log - ERROR - Issue: 271 in jabref
2024-07-03 17:41:34,993 - error_log - ERROR - Commit without associated PR
2024-07-03 17:41:34,993 - error_log - ERROR - Issue: 244 in jabref
2024-07-03 17:41:38,772 - error_log - ERROR - Commit without associated PR
2024-07-03 17:41:38,772 - error_log - ERROR - Issue: 223 in jabref
2024-07-03 17:41:45,189 - error_log - ERROR - PR without merge commit - CROSS_REFERENCE_EVENT
2024-07-03 17:41:45,189 - error_log - ERROR - Issue: 208
2024-07-03 17:41:52,218 - error_log - ERROR - PR without merge commit - CROSS_REFERENCE_EVENT
2024-07-03 17:41:52,218 - error_log - ERROR - Issue: 188
2024-07-03 17:41:53,535 - error_log - ERROR - Commit without associated PR
2024-07-03 17:41:53,535 - error_log - ERROR - Issue: 186 in jabref
2024-07-03 17:41:53,899 - error_log - ERROR - Commit without associated PR
2024-07-03 17:41:53,899 - error_log - ERROR - Issue: 185 in jabref
2024-07-03 17:42:11,626 - error_log - ERROR - Commit without associated PR
2024-07-03 17:42:11,626 - error_log - ERROR - Issue: 148 in jabref
2024-07-03 17:42:12,937 - error_log - ERROR - Commit without associated PR
2024-07-03 17:42:12,937 - error_log - ERROR - Issue: 142 in jabref
2024-07-03 17:42:15,650 - error_log - ERROR - PR without merge commit - CROSS_REFERENCE_EVENT
2024-07-03 17:42:15,651 - error_log - ERROR - Issue: 136
2024-07-03 17:42:22,541 - error_log - ERROR - Commit without associated PR
2024-07-03 17:42:22,541 - error_log - ERROR - Issue: 126 in jabref
2024-07-03 17:42:41,381 - error_log - ERROR - Commit without associated PR
2024-07-03 17:42:41,381 - error_log - ERROR - Issue: 103 in jabref
2024-07-03 17:42:42,721 - error_log - ERROR - Commit without associated PR
2024-07-03 17:42:42,721 - error_log - ERROR - Issue: 95 in jabref
2024-07-03 17:43:03,057 - error_log - ERROR - Commit without associated PR
2024-07-03 17:43:03,057 - error_log - ERROR - Issue: 3045 in jabref
2024-07-03 17:43:25,510 - error_log - ERROR - Commit without associated PR
2024-07-03 17:43:25,510 - error_log - ERROR - Issue: 2973 in jabref
2024-07-03 17:43:28,822 - error_log - ERROR - Commit without associated PR
2024-07-03 17:43:28,822 - error_log - ERROR - Issue: 2967 in jabref
2024-07-03 17:43:55,553 - error_log - ERROR - Commit without associated PR
2024-07-03 17:43:55,553 - error_log - ERROR - Issue: 2915 in jabref
2024-07-03 17:44:01,841 - error_log - ERROR - Commit without associated PR
2024-07-03 17:44:01,841 - error_log - ERROR - Issue: 2902 in jabref
2024-07-03 17:44:12,184 - error_log - ERROR - Commit without associated PR
2024-07-03 17:44:12,184 - error_log - ERROR - Issue: 2880 in jabref
2024-07-03 17:44:14,813 - error_log - ERROR - Commit without associated PR
2024-07-03 17:44:14,814 - error_log - ERROR - Issue: 2871 in jabref
2024-07-03 17:44:27,256 - error_log - ERROR - Commit without associated PR
2024-07-03 17:44:27,256 - error_log - ERROR - Issue: 2847 in jabref
2024-07-03 17:44:32,200 - error_log - ERROR - Commit without associated PR
2024-07-03 17:44:32,200 - error_log - ERROR - Issue: 2833 in jabref
2024-07-03 17:44:57,798 - error_log - ERROR - Commit without associated PR
2024-07-03 17:44:57,798 - error_log - ERROR - Issue: 2783 in jabref
2024-07-03 17:44:59,911 - error_log - ERROR - Commit without associated PR
2024-07-03 17:44:59,911 - error_log - ERROR - Issue: 2777 in jabref
2024-07-03 17:45:47,601 - error_log - ERROR - Commit without associated PR
2024-07-03 17:45:47,601 - error_log - ERROR - Issue: 2629 in jabref
2024-07-03 17:47:21,799 - error_log - ERROR - Commit without associated PR
2024-07-03 17:47:21,799 - error_log - ERROR - Issue: 2379 in jabref
2024-07-03 17:47:37,883 - error_log - ERROR - Commit without associated PR
2024-07-03 17:47:37,884 - error_log - ERROR - Issue: 2309 in jabref
2024-07-03 17:47:53,429 - error_log - ERROR - Commit without associated PR
2024-07-03 17:47:53,429 - error_log - ERROR - Issue: 2269 in jabref
2024-07-03 17:48:21,876 - error_log - ERROR - Commit without associated PR
2024-07-03 17:48:21,876 - error_log - ERROR - Issue: 2204 in jabref
2024-07-03 17:49:06,679 - error_log - ERROR - Commit without associated PR
2024-07-03 17:49:06,679 - error_log - ERROR - Issue: 2049 in jabref
2024-07-03 17:49:12,938 - error_log - ERROR - Commit without associated PR
2024-07-03 17:49:12,938 - error_log - ERROR - Issue: 2019 in jabref
2024-07-03 17:50:03,183 - error_log - ERROR - Commit without associated PR
2024-07-03 17:50:03,183 - error_log - ERROR - Issue: 1813 in jabref
2024-07-03 17:53:23,839 - error_log - ERROR - Commit without associated PR
2024-07-03 17:53:23,839 - error_log - ERROR - Issue: 3796 in jabref
2024-07-03 17:53:29,750 - error_log - ERROR - Commit without associated PR
2024-07-03 17:53:29,751 - error_log - ERROR - Issue: 3774 in jabref
2024-07-03 17:54:25,580 - error_log - ERROR - Commit without associated PR
2024-07-03 17:54:25,580 - error_log - ERROR - Issue: 3561 in jabref
2024-07-03 17:57:07,865 - error_log - ERROR - Commit without associated PR
2024-07-03 17:57:07,865 - error_log - ERROR - Issue: 3110 in jabref
2024-07-03 18:00:32,140 - error_log - ERROR - Commit without associated PR
2024-07-03 18:00:32,140 - error_log - ERROR - Issue: 4529 in jabref
2024-07-03 18:04:04,145 - error_log - ERROR - Commit without associated PR
2024-07-03 18:04:04,146 - error_log - ERROR - Issue: 6311 in jabref
2024-07-03 18:06:10,796 - error_log - ERROR - Commit without associated PR
2024-07-03 18:06:10,796 - error_log - ERROR - Issue: 5886 in jabref
2024-07-03 18:06:41,617 - error_log - ERROR - Commit without associated PR
2024-07-03 18:06:41,617 - error_log - ERROR - Issue: 5800 in jabref
2024-07-03 18:06:44,334 - error_log - ERROR - Commit without associated PR
2024-07-03 18:06:44,334 - error_log - ERROR - Issue: 5784 in jabref
2024-07-03 18:06:51,949 - error_log - ERROR - Commit without associated PR
2024-07-03 18:06:51,949 - error_log - ERROR - Issue: 5756 in jabref
2024-07-03 18:06:59,856 - error_log - ERROR - Commit without associated PR
2024-07-03 18:06:59,856 - error_log - ERROR - Issue: 5728 in jabref
2024-07-03 18:07:04,640 - error_log - ERROR - Commit without associated PR
2024-07-03 18:07:04,640 - error_log - ERROR - Issue: 5703 in jabref
