2025-01-31 16:48:49,957 - error_log - ERROR - Commit of issue 2305 without associated PR
2025-01-31 16:48:52,811 - error_log - ERROR - Commit of issue 2287 without associated PR
2025-01-31 16:48:53,540 - error_log - ERROR - Commit of issue 2280 without associated PR
2025-01-31 16:48:53,924 - error_log - ERROR - Commit of issue 2277 without associated PR
2025-01-31 16:48:59,687 - error_log - ERROR - Commit of issue 2218 without associated PR
2025-01-31 16:49:02,594 - error_log - ERROR - Commit of issue 2196 without associated PR
2025-01-31 16:49:05,627 - error_log - ERROR - Commit of issue 2165 without associated PR
2025-01-31 16:49:11,437 - error_log - ERROR - Commit of issue 2125 without associated PR
2025-01-31 16:49:17,132 - error_log - ERROR - Commit of issue 2072 without associated PR
2025-01-31 16:49:18,424 - error_log - ERROR - Commit of issue 2064 without associated PR
2025-01-31 16:49:19,158 - error_log - ERROR - Commit of issue 2060 without associated PR
2025-01-31 16:49:27,718 - error_log - ERROR - Commit of issue 2017 without associated PR
2025-01-31 16:49:30,939 - error_log - ERROR - Commit of issue 1994 without associated PR
2025-01-31 16:49:32,634 - error_log - ERROR - Commit of issue 1988 without associated PR
2025-01-31 16:49:33,699 - error_log - ERROR - Commit of issue 1983 without associated PR
2025-01-31 16:49:34,105 - error_log - ERROR - Commit of issue 1980 without associated PR
2025-01-31 16:49:35,087 - error_log - ERROR - Commit of issue 1972 without associated PR
2025-01-31 16:49:37,538 - error_log - ERROR - Commit of issue 1959 without associated PR
2025-01-31 16:49:39,928 - error_log - ERROR - Commit of issue 1938 without associated PR
2025-01-31 16:49:42,562 - error_log - ERROR - Commit of issue 1918 without associated PR
2025-01-31 16:49:43,747 - error_log - ERROR - Commit of issue 1908 without associated PR
2025-01-31 16:49:44,460 - error_log - ERROR - Commit of issue 1902 without associated PR
2025-01-31 16:49:48,659 - error_log - ERROR - Commit of issue 1854 without associated PR
2025-01-31 16:49:49,375 - error_log - ERROR - Commit of issue 1848 without associated PR
2025-01-31 16:49:52,723 - error_log - ERROR - Commit of issue 1823 without associated PR
2025-01-31 16:49:57,783 - error_log - ERROR - Commit of issue 1790 without associated PR
2025-01-31 16:49:58,414 - error_log - ERROR - Commit of issue 1787 without associated PR
2025-01-31 16:50:00,006 - error_log - ERROR - Commit of issue 1769 without associated PR
2025-01-31 16:50:05,739 - error_log - ERROR - Commit of issue 1729 without associated PR
2025-01-31 16:50:09,618 - error_log - ERROR - Commit of issue 1698 without associated PR
2025-01-31 16:50:11,999 - error_log - ERROR - Commit of issue 1677 without associated PR
2025-01-31 16:50:15,583 - error_log - ERROR - Commit of issue 1647 without associated PR
2025-01-31 16:50:17,573 - error_log - ERROR - Commit of issue 1624 without associated PR
2025-01-31 16:50:17,926 - error_log - ERROR - Commit of issue 1622 without associated PR
2025-01-31 16:50:18,717 - error_log - ERROR - Commit 3bb5045658a0ace4063c6d7e2cd9d95e1fa0d2e9 does not exist in PyDriller - Issue 1618
2025-01-31 16:50:20,308 - error_log - ERROR - Commit cd7bb0239df7362e068fe2caecedcd95a4284ea4 does not exist in PyDriller - Issue 1610
2025-01-31 16:50:24,620 - error_log - ERROR - Commit of issue 1567 without associated PR
2025-01-31 16:50:26,114 - error_log - ERROR - Commit of issue 1549 without associated PR
2025-01-31 16:50:28,340 - error_log - ERROR - Commit 844d9f9584d150972f83aba3d1621f82124d1f7d does not exist in PyDriller - Issue 1521
2025-01-31 16:50:31,458 - error_log - ERROR - Commit 7c01c2958eb79173e1bbb1fd43aeeb18074912b1 does not exist in PyDriller - Issue 1519
2025-01-31 16:50:32,794 - error_log - ERROR - Commit 859fa8bd437f1fbdc2659157f66cd7749ba5abfa does not exist in PyDriller - Issue 1516
2025-01-31 16:50:37,157 - error_log - ERROR - Commit of issue 1476 without associated PR
2025-01-31 16:50:42,936 - error_log - ERROR - Commit 7faf74521e9a0036217c728dbc5fb74fdc00f7c4 does not exist in PyDriller - Issue 1419
2025-01-31 16:50:47,588 - error_log - ERROR - Commit of issue 1395 without associated PR
2025-01-31 16:51:13,304 - error_log - ERROR - Commit of issue 1208 without associated PR
2025-01-31 16:51:29,755 - error_log - ERROR - Commit of issue 1020 without associated PR
2025-01-31 16:51:45,261 - error_log - ERROR - Commit of issue 905 without associated PR
2025-01-31 16:52:06,956 - error_log - ERROR - Commit of issue 731 without associated PR
2025-01-31 16:54:01,037 - error_log - ERROR - Commit of issue 6331 without associated PR
2025-01-31 16:54:01,460 - error_log - ERROR - Commit of issue 6330 without associated PR
2025-01-31 16:54:02,548 - error_log - ERROR - Commit of issue 6322 without associated PR
2025-01-31 16:54:03,417 - error_log - ERROR - Commit of issue 6316 without associated PR
2025-01-31 16:54:04,606 - error_log - ERROR - PR 6311 without merge commit - Issue 6310
2025-01-31 16:54:05,040 - error_log - ERROR - PR 6311 merge commit does not exist in PyDriller- Issue 6310
2025-01-31 16:54:06,591 - error_log - ERROR - Commit of issue 6298 without associated PR
2025-01-31 16:54:10,130 - error_log - ERROR - PR 6260 without merge commit - Issue 6258
2025-01-31 16:54:10,599 - error_log - ERROR - PR 6260 merge commit does not exist in PyDriller- Issue 6258
2025-01-31 16:54:11,789 - error_log - ERROR - Commit of issue 6254 without associated PR
2025-01-31 16:54:14,106 - error_log - ERROR - PR 6237 without merge commit - Issue 6236
2025-01-31 16:54:14,581 - error_log - ERROR - PR 6237 merge commit does not exist in PyDriller- Issue 6236
2025-01-31 16:54:16,103 - error_log - ERROR - Commit of issue 6227 without associated PR
2025-01-31 16:54:18,582 - error_log - ERROR - Commit of issue 6211 without associated PR
2025-01-31 16:54:18,930 - error_log - ERROR - Commit of issue 6210 without associated PR
2025-01-31 16:54:19,291 - error_log - ERROR - Commit of issue 6209 without associated PR
2025-01-31 16:54:19,962 - error_log - ERROR - PR 6208 without merge commit - Issue 6205
2025-01-31 16:54:20,405 - error_log - ERROR - PR 6208 merge commit does not exist in PyDriller- Issue 6205
2025-01-31 16:54:21,977 - error_log - ERROR - PR 6218 without merge commit - Issue 6194
2025-01-31 16:54:22,537 - error_log - ERROR - PR 6218 merge commit does not exist in PyDriller- Issue 6194
2025-01-31 16:54:23,442 - error_log - ERROR - Commit of issue 6192 without associated PR
2025-01-31 16:54:25,024 - error_log - ERROR - Commit of issue 6187 without associated PR
2025-01-31 16:54:28,423 - error_log - ERROR - PR 6381 without merge commit - Issue 6169
2025-01-31 16:54:28,879 - error_log - ERROR - PR 6381 merge commit does not exist in PyDriller- Issue 6169
2025-01-31 16:54:29,764 - error_log - ERROR - Commit of issue 6161 without associated PR
2025-01-31 16:54:30,122 - error_log - ERROR - Commit of issue 6155 without associated PR
2025-01-31 16:54:38,360 - error_log - ERROR - PR 6421 without merge commit - Issue 6092
2025-01-31 16:54:38,802 - error_log - ERROR - PR 6421 merge commit does not exist in PyDriller- Issue 6092
2025-01-31 16:54:42,286 - error_log - ERROR - Commit of issue 6088 without associated PR
2025-01-31 16:54:43,163 - error_log - ERROR - Commit of issue 6082 without associated PR
2025-01-31 16:54:44,368 - error_log - ERROR - Commit of issue 6077 without associated PR
2025-01-31 16:54:47,126 - error_log - ERROR - Commit of issue 6056 without associated PR
2025-01-31 16:54:48,104 - error_log - ERROR - Commit of issue 6047 without associated PR
2025-01-31 16:54:56,010 - error_log - ERROR - PR 5993 without merge commit - Issue 5970
2025-01-31 16:54:56,481 - error_log - ERROR - PR 5993 merge commit does not exist in PyDriller- Issue 5970
2025-01-31 16:54:57,459 - error_log - ERROR - Commit of issue 5965 without associated PR
2025-01-31 16:55:00,101 - error_log - ERROR - PR 7082 without merge commit - Issue 5951
2025-01-31 16:55:00,526 - error_log - ERROR - PR 7082 merge commit does not exist in PyDriller- Issue 5951
2025-01-31 16:55:02,394 - error_log - ERROR - Commit of issue 5939 without associated PR
2025-01-31 16:55:09,400 - error_log - ERROR - PR 9772 without merge commit - Issue 5865
2025-01-31 16:55:09,944 - error_log - ERROR - PR 9772 merge commit does not exist in PyDriller- Issue 5865
2025-01-31 16:55:13,459 - error_log - ERROR - PR 5850 without merge commit - Issue 5847
2025-01-31 16:55:13,928 - error_log - ERROR - PR 5850 merge commit does not exist in PyDriller- Issue 5847
2025-01-31 16:55:20,451 - error_log - ERROR - Commit of issue 5820 without associated PR
2025-01-31 16:55:21,467 - error_log - ERROR - Commit of issue 5818 without associated PR
2025-01-31 16:55:22,736 - error_log - ERROR - Commit of issue 5812 without associated PR
2025-01-31 16:55:23,189 - error_log - ERROR - PR 5805 without merge commit - Issue 5802
2025-01-31 16:55:23,776 - error_log - ERROR - PR 5805 merge commit does not exist in PyDriller- Issue 5802
2025-01-31 16:55:24,817 - error_log - ERROR - Commit of issue 5801 without associated PR
2025-01-31 16:55:25,198 - error_log - ERROR - Commit of issue 5800 without associated PR
2025-01-31 16:55:28,812 - error_log - ERROR - Commit of issue 5779 without associated PR
2025-01-31 16:55:31,705 - error_log - ERROR - PR 5783 without merge commit - Issue 5756
2025-01-31 16:55:32,206 - error_log - ERROR - PR 5783 merge commit does not exist in PyDriller- Issue 5756
2025-01-31 16:55:33,680 - error_log - ERROR - Commit of issue 5750 without associated PR
2025-01-31 16:55:38,727 - error_log - ERROR - Commit of issue 5709 without associated PR
2025-01-31 16:55:44,914 - error_log - ERROR - Commit of issue 5656 without associated PR
2025-01-31 16:55:47,700 - error_log - ERROR - Commit of issue 5631 without associated PR
2025-01-31 16:55:48,863 - error_log - ERROR - PR 5645 without merge commit - Issue 5625
2025-01-31 16:55:49,273 - error_log - ERROR - PR 5645 merge commit does not exist in PyDriller- Issue 5625
2025-01-31 16:55:50,233 - error_log - ERROR - Commit of issue 5622 without associated PR
2025-01-31 16:55:51,569 - error_log - ERROR - Commit of issue 5618 without associated PR
2025-01-31 16:55:52,054 - error_log - ERROR - PR 6283 without merge commit - Issue 5617
2025-01-31 16:55:52,499 - error_log - ERROR - PR 6283 merge commit does not exist in PyDriller- Issue 5617
2025-01-31 16:55:55,027 - error_log - ERROR - PR 5616 without merge commit - Issue 5614
2025-01-31 16:55:55,444 - error_log - ERROR - PR 5616 merge commit does not exist in PyDriller- Issue 5614
2025-01-31 16:55:57,157 - error_log - ERROR - Commit of issue 5601 without associated PR
2025-01-31 16:55:58,861 - error_log - ERROR - PR 6265 without merge commit - Issue 5583
2025-01-31 16:55:59,294 - error_log - ERROR - PR 6265 merge commit does not exist in PyDriller- Issue 5583
2025-01-31 16:56:00,208 - error_log - ERROR - Commit of issue 5582 without associated PR
2025-01-31 16:56:00,622 - error_log - ERROR - Commit of issue 5581 without associated PR
2025-01-31 16:56:07,375 - error_log - ERROR - Commit of issue 5533 without associated PR
2025-01-31 16:56:09,910 - error_log - ERROR - Commit 70e66176c2119d473e6edd293d4c07bbacc45224 does not exist in PyDriller - Issue 5513
2025-01-31 16:56:13,957 - error_log - ERROR - Commit of issue 5486 without associated PR
2025-01-31 16:56:16,123 - error_log - ERROR - Commit of issue 5469 without associated PR
2025-01-31 16:56:26,127 - error_log - ERROR - Commit of issue 5399 without associated PR
2025-01-31 16:56:29,176 - error_log - ERROR - Commit of issue 5395 without associated PR
2025-01-31 16:56:31,323 - error_log - ERROR - Commit of issue 5375 without associated PR
2025-01-31 16:56:34,654 - error_log - ERROR - PR 6338 without merge commit - Issue 5354
2025-01-31 16:56:35,153 - error_log - ERROR - PR 6338 merge commit does not exist in PyDriller- Issue 5354
2025-01-31 16:56:37,367 - error_log - ERROR - Commit of issue 5341 without associated PR
2025-01-31 16:56:39,728 - error_log - ERROR - PR 5321 without merge commit - Issue 5320
2025-01-31 16:56:40,218 - error_log - ERROR - PR 5321 merge commit does not exist in PyDriller- Issue 5320
2025-01-31 16:56:42,835 - error_log - ERROR - Commit of issue 5309 without associated PR
2025-01-31 16:56:43,213 - error_log - ERROR - Commit of issue 5307 without associated PR
2025-01-31 16:56:47,945 - error_log - ERROR - Commit of issue 5255 without associated PR
2025-01-31 16:56:51,045 - error_log - ERROR - Commit of issue 5238 without associated PR
2025-01-31 16:56:52,942 - error_log - ERROR - Commit of issue 5227 without associated PR
2025-01-31 16:56:55,749 - error_log - ERROR - Commit of issue 5200 without associated PR
2025-01-31 16:56:56,697 - error_log - ERROR - Commit of issue 5196 without associated PR
2025-01-31 16:56:58,567 - error_log - ERROR - Commit of issue 5186 without associated PR
2025-01-31 16:56:59,713 - error_log - ERROR - PR 5182 without merge commit - Issue 5177
2025-01-31 16:57:00,126 - error_log - ERROR - PR 5182 merge commit does not exist in PyDriller- Issue 5177
2025-01-31 16:57:04,484 - error_log - ERROR - Commit of issue 5171 without associated PR
2025-01-31 16:57:05,231 - error_log - ERROR - Commit of issue 5169 without associated PR
2025-01-31 16:57:06,734 - error_log - ERROR - Commit of issue 5159 without associated PR
2025-01-31 16:57:08,805 - error_log - ERROR - Commit of issue 5146 without associated PR
2025-01-31 16:57:11,670 - error_log - ERROR - Commit of issue 5117 without associated PR
2025-01-31 16:57:12,669 - error_log - ERROR - Commit of issue 5114 without associated PR
2025-01-31 16:57:13,038 - error_log - ERROR - Commit of issue 5113 without associated PR
2025-01-31 16:57:14,123 - error_log - ERROR - Commit of issue 5109 without associated PR
2025-01-31 16:57:15,606 - error_log - ERROR - Commit of issue 5104 without associated PR
2025-01-31 16:57:18,892 - error_log - ERROR - Commit of issue 5081 without associated PR
2025-01-31 16:57:20,768 - error_log - ERROR - Commit of issue 5064 without associated PR
2025-01-31 16:57:21,407 - error_log - ERROR - Commit of issue 5059 without associated PR
2025-01-31 16:57:22,473 - error_log - ERROR - Commit of issue 5056 without associated PR
2025-01-31 16:57:23,267 - error_log - ERROR - PR 5133 without merge commit - Issue 5054
2025-01-31 16:57:23,673 - error_log - ERROR - PR 5133 merge commit does not exist in PyDriller- Issue 5054
2025-01-31 16:57:25,200 - error_log - ERROR - PR 5045 without merge commit - Issue 5044
2025-01-31 16:57:25,635 - error_log - ERROR - PR 5045 merge commit does not exist in PyDriller- Issue 5044
2025-01-31 16:57:27,124 - error_log - ERROR - Commit of issue 5040 without associated PR
2025-01-31 16:57:28,547 - error_log - ERROR - Commit of issue 5032 without associated PR
2025-01-31 16:57:28,920 - error_log - ERROR - Commit of issue 5031 without associated PR
2025-01-31 16:57:29,326 - error_log - ERROR - Commit of issue 5030 without associated PR
2025-01-31 16:57:30,804 - error_log - ERROR - Commit of issue 5023 without associated PR
2025-01-31 16:57:31,455 - error_log - ERROR - Commit of issue 5021 without associated PR
2025-01-31 16:57:33,727 - error_log - ERROR - Commit of issue 5010 without associated PR
2025-01-31 16:57:38,016 - error_log - ERROR - Commit of issue 4979 without associated PR
2025-01-31 16:57:42,625 - error_log - ERROR - Commit of issue 4958 without associated PR
2025-01-31 16:57:45,146 - error_log - ERROR - Commit of issue 4935 without associated PR
2025-01-31 16:57:49,580 - error_log - ERROR - PR 6418 without merge commit - Issue 4892
2025-01-31 16:57:50,016 - error_log - ERROR - PR 6418 merge commit does not exist in PyDriller- Issue 4892
2025-01-31 16:57:50,971 - error_log - ERROR - Commit of issue 4891 without associated PR
2025-01-31 16:57:52,171 - error_log - ERROR - Commit of issue 4884 without associated PR
2025-01-31 16:57:52,592 - error_log - ERROR - Commit of issue 4883 without associated PR
2025-01-31 16:57:53,817 - error_log - ERROR - Commit of issue 4877 without associated PR
2025-01-31 16:57:54,715 - error_log - ERROR - Commit of issue 4875 without associated PR
2025-01-31 16:57:56,968 - error_log - ERROR - PR 4856 without merge commit - Issue 4855
2025-01-31 16:57:57,356 - error_log - ERROR - PR 4856 merge commit does not exist in PyDriller- Issue 4855
2025-01-31 16:57:58,857 - error_log - ERROR - Commit of issue 4852 without associated PR
2025-01-31 16:57:59,258 - error_log - ERROR - Commit of issue 4851 without associated PR
2025-01-31 16:58:01,287 - error_log - ERROR - PR 4866 without merge commit - Issue 4834
2025-01-31 16:58:01,712 - error_log - ERROR - PR 4866 merge commit does not exist in PyDriller- Issue 4834
2025-01-31 16:58:04,433 - error_log - ERROR - Commit of issue 4821 without associated PR
2025-01-31 16:58:06,482 - error_log - ERROR - Commit of issue 4812 without associated PR
2025-01-31 16:58:08,078 - error_log - ERROR - Commit of issue 4796 without associated PR
2025-01-31 16:58:09,904 - error_log - ERROR - Commit of issue 4777 without associated PR
2025-01-31 16:58:10,566 - error_log - ERROR - Commit of issue 4771 without associated PR
2025-01-31 16:58:11,015 - error_log - ERROR - Commit of issue 4767 without associated PR
2025-01-31 16:58:13,628 - error_log - ERROR - PR 4769 without merge commit - Issue 4751
2025-01-31 16:58:14,085 - error_log - ERROR - PR 4769 merge commit does not exist in PyDriller- Issue 4751
2025-01-31 16:58:21,701 - error_log - ERROR - Commit of issue 4723 without associated PR
2025-01-31 16:58:22,398 - error_log - ERROR - Commit of issue 4720 without associated PR
2025-01-31 16:58:27,658 - error_log - ERROR - Commit of issue 4677 without associated PR
2025-01-31 16:58:31,815 - error_log - ERROR - Commit of issue 4657 without associated PR
2025-01-31 16:58:32,805 - error_log - ERROR - Commit of issue 4653 without associated PR
2025-01-31 16:58:33,581 - error_log - ERROR - Commit of issue 4652 without associated PR
2025-01-31 16:58:34,228 - error_log - ERROR - PR 5727 without merge commit - Issue 4649
2025-01-31 16:58:34,684 - error_log - ERROR - PR 5727 merge commit does not exist in PyDriller- Issue 4649
2025-01-31 16:58:39,623 - error_log - ERROR - Commit of issue 4635 without associated PR
2025-01-31 16:58:40,269 - error_log - ERROR - Commit of issue 4633 without associated PR
2025-01-31 16:58:42,395 - error_log - ERROR - Commit of issue 4619 without associated PR
2025-01-31 16:58:45,301 - error_log - ERROR - Commit of issue 4608 without associated PR
2025-01-31 16:58:46,571 - error_log - ERROR - Commit of issue 4599 without associated PR
2025-01-31 16:58:47,213 - error_log - ERROR - PR 4591 without merge commit - Issue 4590
2025-01-31 16:58:47,659 - error_log - ERROR - PR 4591 merge commit does not exist in PyDriller- Issue 4590
2025-01-31 16:58:50,691 - error_log - ERROR - Commit of issue 4582 without associated PR
2025-01-31 16:58:51,877 - error_log - ERROR - Commit of issue 4577 without associated PR
2025-01-31 16:58:52,829 - error_log - ERROR - Commit of issue 4572 without associated PR
2025-01-31 16:58:57,051 - error_log - ERROR - Commit of issue 4561 without associated PR
2025-01-31 16:58:58,316 - error_log - ERROR - Commit of issue 4554 without associated PR
2025-01-31 16:58:59,319 - error_log - ERROR - Commit of issue 4549 without associated PR
2025-01-31 16:59:00,694 - error_log - ERROR - Commit of issue 4540 without associated PR
2025-01-31 16:59:01,035 - error_log - ERROR - Commit of issue 4536 without associated PR
2025-01-31 16:59:01,431 - error_log - ERROR - Commit of issue 4535 without associated PR
2025-01-31 16:59:02,044 - error_log - ERROR - Commit of issue 4532 without associated PR
2025-01-31 16:59:04,121 - error_log - ERROR - Commit of issue 4522 without associated PR
2025-01-31 16:59:05,074 - error_log - ERROR - Commit of issue 4516 without associated PR
2025-01-31 16:59:05,867 - error_log - ERROR - Commit of issue 4514 without associated PR
2025-01-31 16:59:06,319 - error_log - ERROR - Commit of issue 4513 without associated PR
2025-01-31 16:59:07,274 - error_log - ERROR - Commit of issue 4506 without associated PR
2025-01-31 16:59:08,167 - error_log - ERROR - Commit of issue 4501 without associated PR
2025-01-31 16:59:08,558 - error_log - ERROR - Commit of issue 4500 without associated PR
2025-01-31 16:59:10,396 - error_log - ERROR - Commit of issue 4485 without associated PR
2025-01-31 16:59:12,402 - error_log - ERROR - Commit of issue 4469 without associated PR
2025-01-31 16:59:13,852 - error_log - ERROR - Commit of issue 4458 without associated PR
2025-01-31 16:59:14,565 - error_log - ERROR - Commit of issue 4454 without associated PR
2025-01-31 16:59:16,035 - error_log - ERROR - Commit of issue 4448 without associated PR
2025-01-31 16:59:17,478 - error_log - ERROR - Commit of issue 4442 without associated PR
2025-01-31 16:59:18,155 - error_log - ERROR - PR 4538 merge commit does not exist in PyDriller- Issue 4438
2025-01-31 16:59:23,555 - error_log - ERROR - Commit of issue 4402 without associated PR
2025-01-31 16:59:25,625 - error_log - ERROR - PR 6420 without merge commit - Issue 4392
2025-01-31 16:59:26,272 - error_log - ERROR - PR 6420 merge commit does not exist in PyDriller- Issue 4392
2025-01-31 16:59:34,248 - error_log - ERROR - Commit of issue 4350 without associated PR
2025-01-31 16:59:35,192 - error_log - ERROR - Commit of issue 4339 without associated PR
2025-01-31 16:59:36,621 - error_log - ERROR - Commit of issue 4325 without associated PR
2025-01-31 16:59:37,334 - error_log - ERROR - Commit of issue 4323 without associated PR
2025-01-31 16:59:37,716 - error_log - ERROR - Commit of issue 4322 without associated PR
2025-01-31 16:59:38,054 - error_log - ERROR - Commit of issue 4321 without associated PR
2025-01-31 16:59:40,232 - error_log - ERROR - Commit of issue 4312 without associated PR
2025-01-31 16:59:40,594 - error_log - ERROR - PR 4347 merge commit does not exist in PyDriller- Issue 4311
2025-01-31 16:59:42,057 - error_log - ERROR - Commit of issue 4301 without associated PR
2025-01-31 16:59:43,579 - error_log - ERROR - Commit of issue 4289 without associated PR
2025-01-31 16:59:48,312 - error_log - ERROR - PR 4671 without merge commit - Issue 4246
2025-01-31 16:59:48,785 - error_log - ERROR - PR 4671 merge commit does not exist in PyDriller- Issue 4246
2025-01-31 16:59:50,979 - error_log - ERROR - Commit of issue 4239 without associated PR
2025-01-31 16:59:54,143 - error_log - ERROR - Commit of issue 4215 without associated PR
2025-01-31 16:59:59,457 - error_log - ERROR - Commit of issue 4162 without associated PR
2025-01-31 17:00:08,323 - error_log - ERROR - PR 10565 without merge commit - Issue 10401
2025-01-31 17:00:08,812 - error_log - ERROR - PR 10565 merge commit does not exist in PyDriller- Issue 10401
2025-01-31 17:00:16,424 - error_log - ERROR - PR 10372 without merge commit - Issue 10363
2025-01-31 17:00:16,854 - error_log - ERROR - PR 10372 merge commit does not exist in PyDriller- Issue 10363
2025-01-31 17:00:19,766 - error_log - ERROR - PR 10372 without merge commit - Issue 10353
2025-01-31 17:00:20,165 - error_log - ERROR - PR 10372 merge commit does not exist in PyDriller- Issue 10353
2025-01-31 17:00:21,601 - error_log - ERROR - Commit of issue 10347 without associated PR
2025-01-31 17:00:23,863 - error_log - ERROR - PR 1166 without merge commit - Issue 10335
2025-01-31 17:00:25,470 - error_log - ERROR - Commit of issue 10332 without associated PR
2025-01-31 17:00:27,081 - error_log - ERROR - Commit of issue 10319 without associated PR
2025-01-31 17:00:29,793 - error_log - ERROR - Commit of issue 10300 without associated PR
2025-01-31 17:00:31,223 - error_log - ERROR - PR 10298 without merge commit - Issue 10291
2025-01-31 17:00:31,711 - error_log - ERROR - PR 10298 merge commit does not exist in PyDriller- Issue 10291
2025-01-31 17:00:37,783 - error_log - ERROR - PR 10255 without merge commit - Issue 10254
2025-01-31 17:00:38,349 - error_log - ERROR - PR 10255 merge commit does not exist in PyDriller- Issue 10254
2025-01-31 17:00:41,068 - error_log - ERROR - Commit of issue 10243 without associated PR
2025-01-31 17:00:42,984 - error_log - ERROR - PR 10320 without merge commit - Issue 10225
2025-01-31 17:00:43,376 - error_log - ERROR - PR 10320 merge commit does not exist in PyDriller- Issue 10225
2025-01-31 17:00:47,385 - error_log - ERROR - Commit of issue 10218 without associated PR
2025-01-31 17:00:48,742 - error_log - ERROR - PR 10213 without merge commit - Issue 10208
2025-01-31 17:00:49,151 - error_log - ERROR - PR 10213 merge commit does not exist in PyDriller- Issue 10208
2025-01-31 17:00:51,216 - error_log - ERROR - Commit of issue 10194 without associated PR
2025-01-31 17:00:53,133 - error_log - ERROR - PR 10185 without merge commit - Issue 10182
2025-01-31 17:00:53,536 - error_log - ERROR - PR 10185 merge commit does not exist in PyDriller- Issue 10182
2025-01-31 17:00:56,027 - error_log - ERROR - PR 3244 merge commit does not exist in PyDriller- Issue 10172
2025-01-31 17:00:56,909 - error_log - ERROR - PR 10199 without merge commit - Issue 10170
2025-01-31 17:00:57,333 - error_log - ERROR - PR 10199 merge commit does not exist in PyDriller- Issue 10170
2025-01-31 17:00:59,237 - error_log - ERROR - PR 10222 without merge commit - Issue 10166
2025-01-31 17:00:59,674 - error_log - ERROR - PR 10222 merge commit does not exist in PyDriller- Issue 10166
2025-01-31 17:01:00,834 - error_log - ERROR - Commit of issue 10164 without associated PR
2025-01-31 17:01:02,004 - error_log - ERROR - Commit of issue 10157 without associated PR
2025-01-31 17:01:03,926 - error_log - ERROR - PR 10158 without merge commit - Issue 10148
2025-01-31 17:01:04,369 - error_log - ERROR - PR 10158 merge commit does not exist in PyDriller- Issue 10148
2025-01-31 17:01:07,037 - error_log - ERROR - Commit of issue 10126 without associated PR
2025-01-31 17:01:09,552 - error_log - ERROR - Commit of issue 10110 without associated PR
2025-01-31 17:01:11,963 - error_log - ERROR - PR 10178 without merge commit - Issue 10101
2025-01-31 17:01:12,436 - error_log - ERROR - PR 10178 merge commit does not exist in PyDriller- Issue 10101
2025-01-31 17:01:13,319 - error_log - ERROR - Commit of issue 10099 without associated PR
2025-01-31 17:01:15,026 - error_log - ERROR - PR 10087 without merge commit - Issue 10086
2025-01-31 17:01:15,484 - error_log - ERROR - PR 10087 merge commit does not exist in PyDriller- Issue 10086
2025-01-31 17:01:19,840 - error_log - ERROR - Commit of issue 10062 without associated PR
2025-01-31 17:01:22,282 - error_log - ERROR - PR 10141 without merge commit - Issue 10051
2025-01-31 17:01:22,744 - error_log - ERROR - PR 10141 merge commit does not exist in PyDriller- Issue 10051
2025-01-31 17:01:30,300 - error_log - ERROR - PR 10014 without merge commit - Issue 10013
2025-01-31 17:01:30,852 - error_log - ERROR - PR 10014 merge commit does not exist in PyDriller- Issue 10013
2025-01-31 17:01:32,727 - error_log - ERROR - Commit of issue 10007 without associated PR
2025-01-31 17:01:35,076 - error_log - ERROR - Commit of issue 9999 without associated PR
2025-01-31 17:01:36,305 - error_log - ERROR - Commit of issue 9991 without associated PR
2025-01-31 17:01:39,073 - error_log - ERROR - PR 13261 without merge commit - Issue 9980
2025-01-31 17:01:39,485 - error_log - ERROR - PR 13261 merge commit does not exist in PyDriller- Issue 9980
2025-01-31 17:01:41,277 - error_log - ERROR - Commit of issue 9976 without associated PR
2025-01-31 17:01:42,113 - error_log - ERROR - PR 11736 without merge commit - Issue 9971
2025-01-31 17:01:42,541 - error_log - ERROR - PR 11736 merge commit does not exist in PyDriller- Issue 9971
2025-01-31 17:01:46,777 - error_log - ERROR - PR 9950 without merge commit - Issue 9948
2025-01-31 17:01:47,243 - error_log - ERROR - PR 9950 merge commit does not exist in PyDriller- Issue 9948
2025-01-31 17:01:48,847 - error_log - ERROR - PR 10587 without merge commit - Issue 9944
2025-01-31 17:01:49,281 - error_log - ERROR - PR 10587 merge commit does not exist in PyDriller- Issue 9944
2025-01-31 17:01:51,331 - error_log - ERROR - Commit of issue 9937 without associated PR
2025-01-31 17:01:51,785 - error_log - ERROR - Commit of issue 9935 without associated PR
2025-01-31 17:01:55,712 - error_log - ERROR - PR 10035 without merge commit - Issue 9911
2025-01-31 17:01:56,191 - error_log - ERROR - PR 10035 merge commit does not exist in PyDriller- Issue 9911
2025-01-31 17:01:59,239 - error_log - ERROR - PR 10248 without merge commit - Issue 9888
2025-01-31 17:01:59,702 - error_log - ERROR - PR 10248 merge commit does not exist in PyDriller- Issue 9888
2025-01-31 17:02:05,488 - error_log - ERROR - Commit of issue 9862 without associated PR
2025-01-31 17:02:18,074 - error_log - ERROR - Commit of issue 9796 without associated PR
2025-01-31 17:02:24,116 - error_log - ERROR - PR 9947 without merge commit - Issue 9759
2025-01-31 17:02:24,511 - error_log - ERROR - PR 9947 merge commit does not exist in PyDriller- Issue 9759
2025-01-31 17:02:25,589 - error_log - ERROR - Commit of issue 9758 without associated PR
2025-01-31 17:02:29,539 - error_log - ERROR - PR 9751 without merge commit - Issue 9740
2025-01-31 17:02:29,975 - error_log - ERROR - PR 9751 merge commit does not exist in PyDriller- Issue 9740
2025-01-31 17:02:36,083 - error_log - ERROR - Commit of issue 9704 without associated PR
2025-01-31 17:02:36,661 - error_log - ERROR - PR 9870 without merge commit - Issue 9700
2025-01-31 17:02:37,119 - error_log - ERROR - PR 9870 merge commit does not exist in PyDriller- Issue 9700
2025-01-31 17:02:38,038 - error_log - ERROR - PR 9809 without merge commit - Issue 9695
2025-01-31 17:02:38,474 - error_log - ERROR - PR 9809 merge commit does not exist in PyDriller- Issue 9695
2025-01-31 17:02:40,635 - error_log - ERROR - Commit of issue 9684 without associated PR
2025-01-31 17:02:42,159 - error_log - ERROR - PR 9685 without merge commit - Issue 9674
2025-01-31 17:02:42,554 - error_log - ERROR - PR 9685 merge commit does not exist in PyDriller- Issue 9674
2025-01-31 17:02:44,560 - error_log - ERROR - Commit of issue 9669 without associated PR
2025-01-31 17:02:45,247 - error_log - ERROR - Commit of issue 9667 without associated PR
2025-01-31 17:02:47,938 - error_log - ERROR - Commit of issue 9663 without associated PR
2025-01-31 17:02:48,827 - error_log - ERROR - PR 9660 without merge commit - Issue 9659
2025-01-31 17:02:49,363 - error_log - ERROR - PR 9660 merge commit does not exist in PyDriller- Issue 9659
2025-01-31 17:02:56,140 - error_log - ERROR - PR 9629 without merge commit - Issue 9618
2025-01-31 17:02:56,549 - error_log - ERROR - PR 9629 merge commit does not exist in PyDriller- Issue 9618
2025-01-31 17:03:00,796 - error_log - ERROR - Commit of issue 9580 without associated PR
2025-01-31 17:03:02,681 - error_log - ERROR - Commit of issue 9571 without associated PR
2025-01-31 17:03:06,300 - error_log - ERROR - PR 514 without merge commit - Issue 9546
2025-01-31 17:03:10,114 - error_log - ERROR - PR 10914 without merge commit - Issue 9526
2025-01-31 17:03:10,528 - error_log - ERROR - PR 10914 merge commit does not exist in PyDriller- Issue 9526
2025-01-31 17:03:14,959 - error_log - ERROR - Commit of issue 9501 without associated PR
2025-01-31 17:03:15,620 - error_log - ERROR - Commit of issue 9498 without associated PR
2025-01-31 17:03:16,001 - error_log - ERROR - Commit of issue 9497 without associated PR
2025-01-31 17:03:19,427 - error_log - ERROR - Commit of issue 9471 without associated PR
2025-01-31 17:03:19,805 - error_log - ERROR - Commit of issue 9470 without associated PR
2025-01-31 17:03:25,871 - error_log - ERROR - Commit of issue 9431 without associated PR
2025-01-31 17:03:30,584 - error_log - ERROR - Commit of issue 9400 without associated PR
2025-01-31 17:03:30,973 - error_log - ERROR - Commit of issue 9399 without associated PR
2025-01-31 17:03:31,916 - error_log - ERROR - PR 9805 without merge commit - Issue 9395
2025-01-31 17:03:32,383 - error_log - ERROR - PR 9805 merge commit does not exist in PyDriller- Issue 9395
2025-01-31 17:03:34,915 - error_log - ERROR - Commit of issue 9380 without associated PR
2025-01-31 17:03:39,136 - error_log - ERROR - Commit of issue 9350 without associated PR
2025-01-31 17:03:42,495 - error_log - ERROR - Commit of issue 9333 without associated PR
2025-01-31 17:03:46,119 - error_log - ERROR - Commit of issue 9316 without associated PR
2025-01-31 17:03:47,882 - error_log - ERROR - PR 2891 without merge commit - Issue 9305
2025-01-31 17:03:52,384 - error_log - ERROR - Commit of issue 9282 without associated PR
2025-01-31 17:03:54,245 - error_log - ERROR - Commit of issue 9274 without associated PR
2025-01-31 17:03:54,756 - error_log - ERROR - Commit of issue 9272 without associated PR
2025-01-31 17:03:58,177 - error_log - ERROR - Commit of issue 9263 without associated PR
2025-01-31 17:04:01,552 - error_log - ERROR - Commit of issue 9247 without associated PR
2025-01-31 17:04:02,858 - error_log - ERROR - Commit of issue 9242 without associated PR
2025-01-31 17:04:04,149 - error_log - ERROR - Commit of issue 9235 without associated PR
2025-01-31 17:04:05,067 - error_log - ERROR - PR 9224 without merge commit - Issue 9223
2025-01-31 17:04:05,519 - error_log - ERROR - PR 9224 merge commit does not exist in PyDriller- Issue 9223
2025-01-31 17:04:06,686 - error_log - ERROR - Commit of issue 9219 without associated PR
2025-01-31 17:04:08,688 - error_log - ERROR - PR 9214 without merge commit - Issue 9202
2025-01-31 17:04:09,197 - error_log - ERROR - PR 9214 merge commit does not exist in PyDriller- Issue 9202
2025-01-31 17:04:12,850 - error_log - ERROR - Commit of issue 9178 without associated PR
2025-01-31 17:04:14,078 - error_log - ERROR - Commit of issue 9173 without associated PR
2025-01-31 17:04:18,811 - error_log - ERROR - Commit of issue 9140 without associated PR
2025-01-31 17:04:19,859 - error_log - ERROR - Commit of issue 9132 without associated PR
2025-01-31 17:04:27,252 - error_log - ERROR - PR 12896 without merge commit - Issue 9079
2025-01-31 17:04:27,674 - error_log - ERROR - PR 12896 merge commit does not exist in PyDriller- Issue 9079
2025-01-31 17:04:40,766 - error_log - ERROR - Commit of issue 9009 without associated PR
2025-01-31 17:04:41,131 - error_log - ERROR - PR 9286 without merge commit - Issue 9008
2025-01-31 17:04:41,560 - error_log - ERROR - PR 9286 merge commit does not exist in PyDriller- Issue 9008
2025-01-31 17:04:43,868 - error_log - ERROR - Commit of issue 8998 without associated PR
2025-01-31 17:04:46,510 - error_log - ERROR - Commit of issue 8983 without associated PR
2025-01-31 17:04:47,699 - error_log - ERROR - Commit of issue 8971 without associated PR
2025-01-31 17:04:48,394 - error_log - ERROR - Commit of issue 8968 without associated PR
2025-01-31 17:04:51,552 - error_log - ERROR - Commit of issue 8947 without associated PR
2025-01-31 17:04:51,970 - error_log - ERROR - Commit of issue 8944 without associated PR
2025-01-31 17:04:52,364 - error_log - ERROR - Commit of issue 8942 without associated PR
2025-01-31 17:04:55,045 - error_log - ERROR - Commit of issue 8927 without associated PR
2025-01-31 17:04:55,462 - error_log - ERROR - Commit of issue 8926 without associated PR
2025-01-31 17:04:55,848 - error_log - ERROR - Commit of issue 8925 without associated PR
2025-01-31 17:04:58,988 - error_log - ERROR - Commit of issue 8903 without associated PR
2025-01-31 17:05:00,910 - error_log - ERROR - Commit of issue 8890 without associated PR
2025-01-31 17:05:01,989 - error_log - ERROR - Commit of issue 8884 without associated PR
2025-01-31 17:05:02,994 - error_log - ERROR - Commit of issue 8879 without associated PR
2025-01-31 17:05:05,126 - error_log - ERROR - Commit of issue 8863 without associated PR
2025-01-31 17:05:10,329 - error_log - ERROR - PR 8948 without merge commit - Issue 8823
2025-01-31 17:05:10,757 - error_log - ERROR - PR 8948 merge commit does not exist in PyDriller- Issue 8823
2025-01-31 17:05:12,647 - error_log - ERROR - Commit of issue 8813 without associated PR
2025-01-31 17:05:13,371 - error_log - ERROR - Commit of issue 8810 without associated PR
2025-01-31 17:05:14,056 - error_log - ERROR - Commit of issue 8806 without associated PR
2025-01-31 17:05:14,784 - error_log - ERROR - Commit of issue 8799 without associated PR
2025-01-31 17:05:20,724 - error_log - ERROR - Commit of issue 8758 without associated PR
2025-01-31 17:05:23,530 - error_log - ERROR - PR 8738 without merge commit - Issue 8734
2025-01-31 17:05:24,016 - error_log - ERROR - PR 8738 merge commit does not exist in PyDriller- Issue 8734
2025-01-31 17:05:25,568 - error_log - ERROR - Commit of issue 8731 without associated PR
2025-01-31 17:05:28,153 - error_log - ERROR - Commit of issue 8705 without associated PR
2025-01-31 17:05:28,554 - error_log - ERROR - PR 8710 without merge commit - Issue 8704
2025-01-31 17:05:29,044 - error_log - ERROR - PR 8710 merge commit does not exist in PyDriller- Issue 8704
2025-01-31 17:05:30,823 - error_log - ERROR - Commit of issue 8698 without associated PR
2025-01-31 17:05:32,687 - error_log - ERROR - Commit of issue 8681 without associated PR
2025-01-31 17:05:34,759 - error_log - ERROR - Commit of issue 8670 without associated PR
2025-01-31 17:05:36,023 - error_log - ERROR - Commit of issue 8666 without associated PR
2025-01-31 17:05:37,401 - error_log - ERROR - Commit of issue 8658 without associated PR
2025-01-31 17:05:38,354 - error_log - ERROR - Commit of issue 8652 without associated PR
2025-01-31 17:05:39,117 - error_log - ERROR - Commit of issue 8647 without associated PR
2025-01-31 17:05:39,499 - error_log - ERROR - Commit of issue 8646 without associated PR
2025-01-31 17:05:39,927 - error_log - ERROR - Commit of issue 8645 without associated PR
2025-01-31 17:05:40,319 - error_log - ERROR - Commit of issue 8644 without associated PR
2025-01-31 17:05:40,971 - error_log - ERROR - Commit of issue 8639 without associated PR
2025-01-31 17:05:41,364 - error_log - ERROR - Commit of issue 8638 without associated PR
2025-01-31 17:05:42,367 - error_log - ERROR - Commit of issue 8633 without associated PR
2025-01-31 17:05:42,832 - error_log - ERROR - Commit of issue 8630 without associated PR
2025-01-31 17:05:43,859 - error_log - ERROR - Commit of issue 8629 without associated PR
2025-01-31 17:05:45,498 - error_log - ERROR - PR 13502 without merge commit - Issue 8620
2025-01-31 17:05:45,991 - error_log - ERROR - PR 13502 merge commit does not exist in PyDriller- Issue 8620
2025-01-31 17:05:47,293 - error_log - ERROR - Commit of issue 8617 without associated PR
2025-01-31 17:05:50,261 - error_log - ERROR - Commit of issue 8614 without associated PR
2025-01-31 17:05:51,753 - error_log - ERROR - Commit of issue 8605 without associated PR
2025-01-31 17:05:52,145 - error_log - ERROR - Commit of issue 8604 without associated PR
2025-01-31 17:05:53,954 - error_log - ERROR - Commit of issue 8594 without associated PR
2025-01-31 17:05:54,389 - error_log - ERROR - Commit of issue 8593 without associated PR
2025-01-31 17:05:59,959 - error_log - ERROR - Commit of issue 8552 without associated PR
2025-01-31 17:06:02,519 - error_log - ERROR - Commit of issue 8538 without associated PR
2025-01-31 17:06:03,246 - error_log - ERROR - Commit of issue 8535 without associated PR
2025-01-31 17:06:03,617 - error_log - ERROR - Commit of issue 8534 without associated PR
2025-01-31 17:06:05,981 - error_log - ERROR - Commit of issue 8512 without associated PR
2025-01-31 17:06:07,957 - error_log - ERROR - PR 8532 without merge commit - Issue 8502
2025-01-31 17:06:08,402 - error_log - ERROR - PR 8532 merge commit does not exist in PyDriller- Issue 8502
2025-01-31 17:06:12,143 - error_log - ERROR - Commit of issue 8491 without associated PR
2025-01-31 17:06:12,547 - error_log - ERROR - Commit of issue 8490 without associated PR
2025-01-31 17:06:13,743 - error_log - ERROR - Commit of issue 8481 without associated PR
2025-01-31 17:06:14,135 - error_log - ERROR - Commit of issue 8480 without associated PR
2025-01-31 17:06:15,159 - error_log - ERROR - Commit of issue 8473 without associated PR
2025-01-31 17:06:20,879 - error_log - ERROR - PR 8442 without merge commit - Issue 8424
2025-01-31 17:06:21,369 - error_log - ERROR - PR 8442 merge commit does not exist in PyDriller- Issue 8424
2025-01-31 17:06:27,476 - error_log - ERROR - Commit of issue 14867 without associated PR
2025-01-31 17:06:28,487 - error_log - ERROR - PR 14872 without merge commit - Issue 14861
2025-01-31 17:06:28,940 - error_log - ERROR - PR 14872 merge commit does not exist in PyDriller- Issue 14861
2025-01-31 17:06:30,172 - error_log - ERROR - PR 14859 without merge commit - Issue 14858
2025-01-31 17:06:30,618 - error_log - ERROR - PR 14859 merge commit does not exist in PyDriller- Issue 14858
2025-01-31 17:06:33,650 - error_log - ERROR - Commit of issue 14843 without associated PR
2025-01-31 17:06:34,844 - error_log - ERROR - PR 15088 without merge commit - Issue 14837
2025-01-31 17:06:35,304 - error_log - ERROR - PR 15088 merge commit does not exist in PyDriller- Issue 14837
2025-01-31 17:06:40,175 - error_log - ERROR - Commit of issue 14806 without associated PR
2025-01-31 17:06:41,348 - error_log - ERROR - Commit of issue 14800 without associated PR
2025-01-31 17:06:42,994 - error_log - ERROR - Commit of issue 14790 without associated PR
2025-01-31 17:06:45,202 - error_log - ERROR - PR 14852 without merge commit - Issue 14782
2025-01-31 17:06:45,645 - error_log - ERROR - PR 14852 merge commit does not exist in PyDriller- Issue 14782
2025-01-31 17:06:46,614 - error_log - ERROR - Commit of issue 14781 without associated PR
2025-01-31 17:06:48,453 - error_log - ERROR - Commit of issue 14771 without associated PR
2025-01-31 17:06:52,126 - error_log - ERROR - Commit of issue 14748 without associated PR
2025-01-31 17:06:59,255 - error_log - ERROR - Commit of issue 14704 without associated PR
2025-01-31 17:07:01,190 - error_log - ERROR - Commit of issue 14692 without associated PR
2025-01-31 17:07:06,137 - error_log - ERROR - PR 14679 without merge commit - Issue 14678
2025-01-31 17:07:06,556 - error_log - ERROR - PR 14679 merge commit does not exist in PyDriller- Issue 14678
2025-01-31 17:07:12,313 - error_log - ERROR - Commit of issue 14654 without associated PR
2025-01-31 17:07:15,789 - error_log - ERROR - Commit of issue 14635 without associated PR
2025-01-31 17:07:25,578 - error_log - ERROR - PR 14921 without merge commit - Issue 14588
2025-01-31 17:07:26,020 - error_log - ERROR - PR 14921 merge commit does not exist in PyDriller- Issue 14588
2025-01-31 17:07:31,417 - error_log - ERROR - Commit of issue 14567 without associated PR
2025-01-31 17:07:32,698 - error_log - ERROR - Commit of issue 14558 without associated PR
2025-01-31 17:07:33,606 - error_log - ERROR - PR 14557 without merge commit - Issue 14554
2025-01-31 17:07:34,045 - error_log - ERROR - PR 14557 merge commit does not exist in PyDriller- Issue 14554
2025-01-31 17:07:34,966 - error_log - ERROR - PR 14552 without merge commit - Issue 14551
2025-01-31 17:07:35,525 - error_log - ERROR - PR 14552 merge commit does not exist in PyDriller- Issue 14551
2025-01-31 17:07:37,034 - error_log - ERROR - Commit of issue 14545 without associated PR
2025-01-31 17:07:38,259 - error_log - ERROR - PR 14591 without merge commit - Issue 14541
2025-01-31 17:07:38,696 - error_log - ERROR - PR 14591 merge commit does not exist in PyDriller- Issue 14541
2025-01-31 17:07:44,278 - error_log - ERROR - PR 14661 without merge commit - Issue 14531
2025-01-31 17:07:44,767 - error_log - ERROR - PR 14661 merge commit does not exist in PyDriller- Issue 14531
2025-01-31 17:07:46,244 - error_log - ERROR - Commit of issue 14528 without associated PR
2025-01-31 17:07:46,992 - error_log - ERROR - Commit of issue 14526 without associated PR
2025-01-31 17:07:52,398 - error_log - ERROR - PR 4723 merge commit does not exist in PyDriller- Issue 14502
2025-01-31 17:07:57,773 - error_log - ERROR - Commit of issue 14475 without associated PR
2025-01-31 17:07:58,061 - error_log - ERROR - Commit of issue 14472 without associated PR
2025-01-31 17:08:01,061 - error_log - ERROR - Commit of issue 14461 without associated PR
2025-01-31 17:08:01,469 - error_log - ERROR - Commit of issue 14460 without associated PR
2025-01-31 17:08:02,419 - error_log - ERROR - Commit of issue 14456 without associated PR
2025-01-31 17:08:05,503 - error_log - ERROR - Commit of issue 14438 without associated PR
2025-01-31 17:08:05,890 - error_log - ERROR - Commit of issue 14437 without associated PR
2025-01-31 17:08:11,067 - error_log - ERROR - PR 3074 without merge commit - Issue 14415
2025-01-31 17:08:12,841 - error_log - ERROR - Commit of issue 14411 without associated PR
2025-01-31 17:08:14,188 - error_log - ERROR - PR 14416 without merge commit - Issue 14406
2025-01-31 17:08:14,685 - error_log - ERROR - PR 14416 merge commit does not exist in PyDriller- Issue 14406
2025-01-31 17:08:22,415 - error_log - ERROR - Commit of issue 14395 without associated PR
2025-01-31 17:08:30,805 - error_log - ERROR - Commit of issue 14371 without associated PR
2025-01-31 17:08:34,032 - error_log - ERROR - Commit of issue 14352 without associated PR
2025-01-31 17:08:34,732 - error_log - ERROR - Commit of issue 14349 without associated PR
2025-01-31 17:08:35,151 - error_log - ERROR - Commit of issue 14348 without associated PR
2025-01-31 17:08:35,550 - error_log - ERROR - PR 14347 without merge commit - Issue 14346
2025-01-31 17:08:36,064 - error_log - ERROR - PR 14347 merge commit does not exist in PyDriller- Issue 14346
2025-01-31 17:08:41,876 - error_log - ERROR - Commit of issue 14324 without associated PR
2025-01-31 17:08:44,487 - error_log - ERROR - Commit of issue 14310 without associated PR
2025-01-31 17:08:48,265 - error_log - ERROR - PR 14293 without merge commit - Issue 14291
2025-01-31 17:08:48,798 - error_log - ERROR - PR 14293 merge commit does not exist in PyDriller- Issue 14291
2025-01-31 17:08:52,150 - error_log - ERROR - Commit of issue 14279 without associated PR
2025-01-31 17:08:55,299 - error_log - ERROR - Commit 1df8ebf0c32676d531eb5809a66a941c27ad73e3 does not exist in PyDriller - Issue 14264
2025-01-31 17:08:56,885 - error_log - ERROR - Commit of issue 14259 without associated PR
2025-01-31 17:08:58,512 - error_log - ERROR - Commit of issue 14252 without associated PR
2025-01-31 17:09:01,943 - error_log - ERROR - Commit of issue 14243 without associated PR
2025-01-31 17:09:02,360 - error_log - ERROR - Commit of issue 14240 without associated PR
2025-01-31 17:09:03,569 - error_log - ERROR - PR 14272 without merge commit - Issue 14233
2025-01-31 17:09:04,049 - error_log - ERROR - PR 14272 merge commit does not exist in PyDriller- Issue 14233
2025-01-31 17:09:06,044 - error_log - ERROR - PR 14280 without merge commit - Issue 14228
2025-01-31 17:09:06,587 - error_log - ERROR - PR 14280 merge commit does not exist in PyDriller- Issue 14228
2025-01-31 17:09:07,960 - error_log - ERROR - Commit of issue 14222 without associated PR
2025-01-31 17:09:11,015 - error_log - ERROR - Commit of issue 14207 without associated PR
2025-01-31 17:09:14,426 - error_log - ERROR - PR 14281 without merge commit - Issue 14190
2025-01-31 17:09:14,902 - error_log - ERROR - PR 14281 merge commit does not exist in PyDriller- Issue 14190
2025-01-31 17:09:16,528 - error_log - ERROR - PR 2947 without merge commit - Issue 14184
2025-01-31 17:09:19,315 - error_log - ERROR - Commit of issue 14176 without associated PR
2025-01-31 17:09:26,176 - error_log - ERROR - Commit of issue 14147 without associated PR
2025-01-31 17:09:27,176 - error_log - ERROR - Commit of issue 14144 without associated PR
2025-01-31 17:09:32,976 - error_log - ERROR - Commit of issue 14120 without associated PR
2025-01-31 17:09:34,174 - error_log - ERROR - Commit of issue 14116 without associated PR
2025-01-31 17:09:34,866 - error_log - ERROR - Commit of issue 14114 without associated PR
2025-01-31 17:09:40,473 - error_log - ERROR - Commit of issue 14100 without associated PR
2025-01-31 17:09:41,731 - error_log - ERROR - Commit of issue 14095 without associated PR
2025-01-31 17:09:43,289 - error_log - ERROR - Commit of issue 14089 without associated PR
2025-01-31 17:09:45,178 - error_log - ERROR - Commit of issue 14082 without associated PR
2025-01-31 17:09:47,895 - error_log - ERROR - Commit of issue 14072 without associated PR
2025-01-31 17:09:49,167 - error_log - ERROR - Commit of issue 14067 without associated PR
2025-01-31 17:09:49,905 - error_log - ERROR - Commit of issue 14065 without associated PR
2025-01-31 17:09:52,548 - error_log - ERROR - Commit of issue 14056 without associated PR
2025-01-31 17:09:54,626 - error_log - ERROR - Commit of issue 14046 without associated PR
2025-01-31 17:09:55,548 - error_log - ERROR - Commit of issue 14042 without associated PR
2025-01-31 17:09:56,514 - error_log - ERROR - Commit of issue 14040 without associated PR
2025-01-31 17:09:58,617 - error_log - ERROR - Commit of issue 14026 without associated PR
2025-01-31 17:09:58,979 - error_log - ERROR - Commit of issue 14024 without associated PR
2025-01-31 17:10:02,506 - error_log - ERROR - Commit of issue 14003 without associated PR
2025-01-31 17:10:03,819 - error_log - ERROR - Commit of issue 13997 without associated PR
2025-01-31 17:10:04,250 - error_log - ERROR - Commit of issue 13996 without associated PR
2025-01-31 17:10:05,523 - error_log - ERROR - Commit of issue 13990 without associated PR
2025-01-31 17:10:06,784 - error_log - ERROR - Commit of issue 13986 without associated PR
2025-01-31 17:10:08,849 - error_log - ERROR - PR 14168 without merge commit - Issue 13980
2025-01-31 17:10:09,381 - error_log - ERROR - PR 14168 merge commit does not exist in PyDriller- Issue 13980
2025-01-31 17:10:11,476 - error_log - ERROR - Commit of issue 13975 without associated PR
2025-01-31 17:10:13,043 - error_log - ERROR - Commit of issue 13965 without associated PR
2025-01-31 17:10:13,432 - error_log - ERROR - Commit of issue 13964 without associated PR
2025-01-31 17:10:25,327 - error_log - ERROR - Commit of issue 13921 without associated PR
2025-01-31 17:10:25,928 - error_log - ERROR - Commit of issue 13917 without associated PR
2025-01-31 17:10:29,361 - error_log - ERROR - PR 14833 without merge commit - Issue 13905
2025-01-31 17:10:29,891 - error_log - ERROR - PR 14833 merge commit does not exist in PyDriller- Issue 13905
2025-01-31 17:10:33,645 - error_log - ERROR - Commit of issue 13891 without associated PR
2025-01-31 17:10:36,097 - error_log - ERROR - PR 14006 without merge commit - Issue 13882
2025-01-31 17:10:36,542 - error_log - ERROR - PR 14006 merge commit does not exist in PyDriller- Issue 13882
2025-01-31 17:10:37,449 - error_log - ERROR - Commit of issue 13880 without associated PR
2025-01-31 17:10:39,429 - error_log - ERROR - Commit of issue 13872 without associated PR
2025-01-31 17:10:41,498 - error_log - ERROR - Commit of issue 13864 without associated PR
2025-01-31 17:10:42,424 - error_log - ERROR - Commit of issue 13861 without associated PR
2025-01-31 17:10:43,664 - error_log - ERROR - Commit of issue 13857 without associated PR
2025-01-31 17:10:44,352 - error_log - ERROR - Commit of issue 13855 without associated PR
2025-01-31 17:10:45,888 - error_log - ERROR - Commit of issue 13848 without associated PR
2025-01-31 17:10:47,413 - error_log - ERROR - Commit of issue 13843 without associated PR
2025-01-31 17:10:51,727 - error_log - ERROR - Commit of issue 13832 without associated PR
2025-01-31 17:10:52,142 - error_log - ERROR - PR 14504 without merge commit - Issue 13831
2025-01-31 17:10:52,650 - error_log - ERROR - PR 14504 merge commit does not exist in PyDriller- Issue 13831
2025-01-31 17:10:57,219 - error_log - ERROR - Commit of issue 13816 without associated PR
2025-01-31 17:11:00,870 - error_log - ERROR - Commit of issue 13795 without associated PR
2025-01-31 17:11:03,854 - error_log - ERROR - PR 13772 without merge commit - Issue 13770
2025-01-31 17:11:04,311 - error_log - ERROR - PR 13772 merge commit does not exist in PyDriller- Issue 13770
2025-01-31 17:11:07,543 - error_log - ERROR - Commit of issue 13759 without associated PR
2025-01-31 17:11:08,760 - error_log - ERROR - Commit of issue 13749 without associated PR
2025-01-31 17:11:10,006 - error_log - ERROR - Commit of issue 13744 without associated PR
2025-01-31 17:11:12,778 - error_log - ERROR - Commit of issue 13728 without associated PR
2025-01-31 17:11:15,511 - error_log - ERROR - PR 13738 without merge commit - Issue 13713
2025-01-31 17:11:15,942 - error_log - ERROR - PR 13738 merge commit does not exist in PyDriller- Issue 13713
2025-01-31 17:11:17,898 - error_log - ERROR - PR 13708 without merge commit - Issue 13707
2025-01-31 17:11:18,345 - error_log - ERROR - PR 13708 merge commit does not exist in PyDriller- Issue 13707
2025-01-31 17:11:20,908 - error_log - ERROR - Commit of issue 13699 without associated PR
2025-01-31 17:11:22,406 - error_log - ERROR - PR 14251 without merge commit - Issue 13688
2025-01-31 17:11:22,858 - error_log - ERROR - PR 14251 merge commit does not exist in PyDriller- Issue 13688
2025-01-31 17:11:24,404 - error_log - ERROR - PR 14220 without merge commit - Issue 13681
2025-01-31 17:11:24,844 - error_log - ERROR - PR 14220 merge commit does not exist in PyDriller- Issue 13681
2025-01-31 17:11:34,396 - error_log - ERROR - PR 3161 merge commit does not exist in PyDriller- Issue 13646
2025-01-31 17:11:35,345 - error_log - ERROR - PR 13647 without merge commit - Issue 13645
2025-01-31 17:11:35,784 - error_log - ERROR - PR 13647 merge commit does not exist in PyDriller- Issue 13645
2025-01-31 17:11:39,537 - error_log - ERROR - Commit of issue 13630 without associated PR
2025-01-31 17:11:42,007 - error_log - ERROR - Commit of issue 13617 without associated PR
2025-01-31 17:11:43,165 - error_log - ERROR - Commit of issue 13608 without associated PR
2025-01-31 17:11:44,369 - error_log - ERROR - Commit of issue 13602 without associated PR
2025-01-31 17:11:47,163 - error_log - ERROR - Commit of issue 13591 without associated PR
2025-01-31 17:11:49,538 - error_log - ERROR - Commit of issue 13581 without associated PR
2025-01-31 17:11:50,714 - error_log - ERROR - Commit of issue 13575 without associated PR
2025-01-31 17:11:52,303 - error_log - ERROR - PR 2896 merge commit does not exist in PyDriller- Issue 13565
2025-01-31 17:11:53,211 - error_log - ERROR - Commit of issue 13564 without associated PR
2025-01-31 17:11:54,475 - error_log - ERROR - Commit of issue 13560 without associated PR
2025-01-31 17:11:58,904 - error_log - ERROR - PR 13533 without merge commit - Issue 13532
2025-01-31 17:11:59,308 - error_log - ERROR - PR 13533 merge commit does not exist in PyDriller- Issue 13532
2025-01-31 17:12:00,741 - error_log - ERROR - Commit of issue 13526 without associated PR
2025-01-31 17:12:01,679 - error_log - ERROR - Commit of issue 13522 without associated PR
2025-01-31 17:12:02,247 - error_log - ERROR - Commit of issue 13521 without associated PR
2025-01-31 17:12:02,622 - error_log - ERROR - PR 2925 without merge commit - Issue 13520
2025-01-31 17:12:03,500 - error_log - ERROR - Commit of issue 13518 without associated PR
2025-01-31 17:12:13,316 - error_log - ERROR - Commit of issue 13472 without associated PR
2025-01-31 17:12:14,593 - error_log - ERROR - PR 13470 without merge commit - Issue 13463
2025-01-31 17:12:15,053 - error_log - ERROR - PR 13470 merge commit does not exist in PyDriller- Issue 13463
2025-01-31 17:12:16,405 - error_log - ERROR - Commit of issue 13459 without associated PR
2025-01-31 17:12:22,569 - error_log - ERROR - Commit of issue 13418 without associated PR
2025-01-31 17:12:26,123 - error_log - ERROR - Commit of issue 13398 without associated PR
2025-01-31 17:12:26,500 - error_log - ERROR - Commit of issue 13397 without associated PR
2025-01-31 17:12:28,030 - error_log - ERROR - Commit of issue 13387 without associated PR
2025-01-31 17:12:28,638 - error_log - ERROR - Commit of issue 13385 without associated PR
2025-01-31 17:12:29,877 - error_log - ERROR - Commit of issue 13370 without associated PR
2025-01-31 17:12:31,966 - error_log - ERROR - Commit of issue 13362 without associated PR
2025-01-31 17:12:32,745 - error_log - ERROR - Commit of issue 13359 without associated PR
2025-01-31 17:12:36,713 - error_log - ERROR - Commit of issue 13331 without associated PR
2025-01-31 17:12:37,141 - error_log - ERROR - Commit of issue 13330 without associated PR
2025-01-31 17:12:39,248 - error_log - ERROR - Commit of issue 13323 without associated PR
2025-01-31 17:13:19,127 - error_log - ERROR - Commit of issue 22247 without associated PR
2025-01-31 17:14:09,920 - error_log - ERROR - Commit of issue 21845 without associated PR
2025-01-31 17:15:07,702 - error_log - ERROR - Commit of issue 21340 without associated PR
2025-01-31 17:15:41,248 - error_log - ERROR - Commit of issue 21084 without associated PR
2025-01-31 17:16:25,774 - error_log - ERROR - Commit of issue 20706 without associated PR
2025-01-31 17:16:33,122 - error_log - ERROR - Commit of issue 20647 without associated PR
2025-01-31 17:16:48,305 - error_log - ERROR - Commit of issue 20568 without associated PR
2025-01-31 17:17:02,832 - error_log - ERROR - Commit of issue 20474 without associated PR
2025-01-31 17:17:29,816 - error_log - ERROR - Commit of issue 20309 without associated PR
2025-01-31 17:17:38,601 - error_log - ERROR - Commit of issue 20260 without associated PR
2025-01-31 17:17:39,640 - error_log - ERROR - Commit of issue 20253 without associated PR
2025-01-31 17:17:44,698 - error_log - ERROR - Commit of issue 20224 without associated PR
2025-01-31 17:18:04,972 - error_log - ERROR - Commit of issue 20063 without associated PR
2025-01-31 17:18:09,934 - error_log - ERROR - Commit of issue 20028 without associated PR
2025-01-31 17:18:13,536 - error_log - ERROR - PR 152 merge commit does not exist in PyDriller- Issue 20006
