2025-03-04 17:52:25,299 - general_log - INFO - Getting data from https://api.github.com/search/issues?q=is:issue%20repo:JabRef/jabref%20is:closed%20created:2015-08-04..2016-08-03&per_page=100
2025-03-04 17:52:26,149 - general_log - INFO - Total count: 696
2025-03-04 17:52:26,151 - general_log - INFO - Reading issue 1670 - 1/100
2025-03-04 17:52:26,310 - general_log - INFO - Reading issue 1669 - 2/100
2025-03-04 17:52:26,504 - general_log - INFO - Reading issue 1667 - 3/100
2025-03-04 17:52:26,640 - general_log - INFO - Reading issue 1665 - 4/100
2025-03-04 17:52:26,783 - general_log - INFO - Reading issue 1664 - 5/100
2025-03-04 17:52:26,934 - general_log - INFO - Reading issue 1663 - 6/100
2025-03-04 17:52:27,271 - general_log - INFO - Reading issue 1653 - 7/100
2025-03-04 17:52:27,419 - general_log - INFO - Reading issue 1647 - 8/100
2025-03-04 17:52:27,600 - general_log - INFO - Reading issue 1646 - 9/100
2025-03-04 17:52:27,746 - general_log - INFO - Reading issue 1643 - 10/100
2025-03-04 17:52:27,938 - general_log - INFO - Reading issue 1639 - 11/100
2025-03-04 17:52:28,211 - general_log - INFO - Reading issue 1633 - 12/100
2025-03-04 17:52:28,371 - general_log - INFO - Reading issue 1632 - 13/100
2025-03-04 17:52:28,497 - general_log - INFO - Reading issue 1613 - 14/100
2025-03-04 17:52:28,637 - general_log - INFO - Reading issue 1612 - 15/100
2025-03-04 17:52:28,806 - general_log - INFO - Reading issue 1610 - 16/100
2025-03-04 17:52:29,132 - general_log - INFO - Reading issue 1609 - 17/100
2025-03-04 17:52:29,291 - general_log - INFO - Reading issue 1603 - 18/100
2025-03-04 17:52:29,438 - general_log - INFO - Reading issue 1600 - 19/100
2025-03-04 17:52:29,650 - general_log - INFO - Reading issue 1598 - 20/100
2025-03-04 17:52:29,831 - general_log - INFO - Reading issue 1592 - 21/100
2025-03-04 17:52:30,125 - general_log - INFO - Reading issue 1580 - 22/100
2025-03-04 17:52:30,290 - general_log - INFO - Reading issue 1579 - 23/100
2025-03-04 17:52:30,443 - general_log - INFO - Reading issue 1578 - 24/100
2025-03-04 17:52:30,735 - general_log - INFO - Reading issue 1566 - 25/100
2025-03-04 17:52:30,869 - general_log - INFO - Reading issue 1558 - 26/100
2025-03-04 17:52:31,042 - general_log - INFO - Reading issue 1554 - 27/100
2025-03-04 17:52:31,263 - general_log - INFO - Reading issue 1553 - 28/100
2025-03-04 17:52:31,414 - general_log - INFO - Reading issue 1551 - 29/100
2025-03-04 17:52:31,572 - general_log - INFO - Reading issue 1550 - 30/100
2025-03-04 17:52:31,733 - general_log - INFO - Reading issue 1547 - 31/100
2025-03-04 17:52:31,960 - general_log - INFO - Reading issue 1543 - 32/100
2025-03-04 17:52:32,110 - general_log - INFO - Reading issue 1542 - 33/100
2025-03-04 17:52:32,396 - general_log - INFO - Reading issue 1540 - 34/100
2025-03-04 17:52:32,553 - general_log - INFO - Reading issue 1538 - 35/100
2025-03-04 17:52:32,680 - general_log - INFO - Reading issue 1536 - 36/100
2025-03-04 17:52:32,896 - general_log - INFO - Reading issue 1534 - 37/100
2025-03-04 17:52:33,242 - general_log - INFO - Reading issue 1533 - 38/100
2025-03-04 17:52:33,378 - general_log - INFO - Reading issue 1531 - 39/100
2025-03-04 17:52:33,498 - general_log - INFO - Reading issue 1530 - 40/100
2025-03-04 17:52:33,675 - general_log - INFO - Reading issue 1528 - 41/100
2025-03-04 17:52:33,858 - general_log - INFO - Reading issue 1527 - 42/100
2025-03-04 17:52:34,157 - general_log - INFO - Reading issue 1523 - 43/100
2025-03-04 17:52:34,351 - general_log - INFO - Reading issue 1521 - 44/100
2025-03-04 17:52:34,498 - general_log - INFO - Reading issue 1519 - 45/100
2025-03-04 17:52:34,758 - general_log - INFO - Reading issue 1516 - 46/100
2025-03-04 17:52:34,937 - general_log - INFO - Reading issue 1515 - 47/100
2025-03-04 17:52:35,102 - general_log - INFO - Reading issue 1514 - 48/100
2025-03-04 17:52:35,328 - general_log - INFO - Reading issue 1513 - 49/100
2025-03-04 17:52:35,509 - general_log - INFO - Reading issue 1512 - 50/100
2025-03-04 17:52:35,651 - general_log - INFO - Reading issue 1510 - 51/100
2025-03-04 17:52:36,140 - general_log - INFO - Reading issue 1509 - 52/100
2025-03-04 17:52:36,302 - general_log - INFO - Reading issue 1508 - 53/100
2025-03-04 17:52:36,467 - general_log - INFO - Reading issue 1507 - 54/100
2025-03-04 17:52:36,821 - general_log - INFO - Reading issue 1506 - 55/100
2025-03-04 17:52:36,991 - general_log - INFO - Reading issue 1505 - 56/100
2025-03-04 17:52:37,149 - general_log - INFO - Reading issue 1504 - 57/100
2025-03-04 17:52:37,286 - general_log - INFO - Reading issue 1503 - 58/100
2025-03-04 17:52:37,431 - general_log - INFO - Reading issue 1502 - 59/100
2025-03-04 17:52:37,600 - general_log - INFO - Reading issue 1500 - 60/100
2025-03-04 17:52:38,055 - general_log - INFO - Reading issue 1499 - 61/100
2025-03-04 17:52:38,327 - general_log - INFO - Reading issue 1498 - 62/100
2025-03-04 17:52:38,481 - general_log - INFO - Reading issue 1497 - 63/100
2025-03-04 17:52:38,655 - general_log - INFO - Reading issue 1496 - 64/100
2025-03-04 17:52:38,794 - general_log - INFO - Reading issue 1495 - 65/100
2025-03-04 17:52:39,091 - general_log - INFO - Reading issue 1494 - 66/100
2025-03-04 17:52:39,226 - general_log - INFO - Reading issue 1493 - 67/100
2025-03-04 17:52:39,346 - general_log - INFO - Reading issue 1492 - 68/100
2025-03-04 17:52:39,524 - general_log - INFO - Reading issue 1490 - 69/100
2025-03-04 17:52:39,897 - general_log - INFO - Reading issue 1485 - 70/100
2025-03-04 17:52:40,196 - general_log - INFO - Reading issue 1484 - 71/100
2025-03-04 17:52:40,489 - general_log - INFO - Reading issue 1482 - 72/100
2025-03-04 17:52:40,890 - general_log - INFO - Reading issue 1481 - 73/100
2025-03-04 17:52:41,196 - general_log - INFO - Reading issue 1478 - 74/100
2025-03-04 17:52:41,337 - general_log - INFO - Reading issue 1476 - 75/100
2025-03-04 17:52:41,646 - general_log - INFO - Reading issue 1469 - 76/100
2025-03-04 17:52:41,825 - general_log - INFO - Reading issue 1467 - 77/100
2025-03-04 17:52:41,951 - general_log - INFO - Reading issue 1458 - 78/100
2025-03-04 17:52:42,085 - general_log - INFO - Reading issue 1457 - 79/100
2025-03-04 17:52:42,385 - general_log - INFO - Reading issue 1456 - 80/100
2025-03-04 17:52:42,548 - general_log - INFO - Reading issue 1455 - 81/100
2025-03-04 17:52:42,921 - general_log - INFO - Reading issue 1454 - 82/100
2025-03-04 17:52:43,047 - general_log - INFO - Reading issue 1450 - 83/100
2025-03-04 17:52:43,336 - general_log - INFO - Reading issue 1446 - 84/100
2025-03-04 17:52:43,676 - general_log - INFO - Reading issue 1445 - 85/100
2025-03-04 17:52:43,844 - general_log - INFO - Reading issue 1444 - 86/100
2025-03-04 17:52:44,029 - general_log - INFO - Reading issue 1441 - 87/100
2025-03-04 17:52:44,695 - general_log - INFO - Reading issue 1439 - 88/100
2025-03-04 17:52:44,835 - general_log - INFO - Reading issue 1436 - 89/100
2025-03-04 17:52:44,993 - general_log - INFO - Reading issue 1434 - 90/100
2025-03-04 17:52:45,374 - general_log - INFO - Reading issue 1432 - 91/100
2025-03-04 17:52:45,510 - general_log - INFO - Reading issue 1431 - 92/100
2025-03-04 17:52:45,806 - general_log - INFO - Reading issue 1430 - 93/100
2025-03-04 17:52:46,107 - general_log - INFO - Reading issue 1428 - 94/100
2025-03-04 17:52:46,267 - general_log - INFO - Reading issue 1425 - 95/100
2025-03-04 17:52:46,441 - general_log - INFO - Reading issue 1424 - 96/100
2025-03-04 17:52:46,588 - general_log - INFO - Reading issue 1421 - 97/100
2025-03-04 17:52:46,972 - general_log - INFO - Reading issue 1420 - 98/100
2025-03-04 17:52:47,382 - general_log - INFO - Reading issue 1419 - 99/100
2025-03-04 17:52:47,599 - general_log - INFO - Reading issue 1418 - 100/100
2025-03-04 17:52:47,744 - general_log - INFO - Getting data from https://api.github.com/search/issues?q=is%3Aissue+repo%3AJabRef%2Fjabref+is%3Aclosed+created%3A2015-08-04..2016-08-03&per_page=100&page=2
2025-03-04 17:52:48,755 - general_log - INFO - Reading issue 1417 - 1/100
2025-03-04 17:52:49,149 - general_log - INFO - Reading issue 1416 - 2/100
2025-03-04 17:52:49,291 - general_log - INFO - Reading issue 1415 - 3/100
2025-03-04 17:52:49,439 - general_log - INFO - Reading issue 1414 - 4/100
2025-03-04 17:52:49,574 - general_log - INFO - Reading issue 1413 - 5/100
2025-03-04 17:52:49,704 - general_log - INFO - Reading issue 1412 - 6/100
2025-03-04 17:52:49,879 - general_log - INFO - Reading issue 1408 - 7/100
2025-03-04 17:52:50,010 - general_log - INFO - Reading issue 1407 - 8/100
2025-03-04 17:52:50,187 - general_log - INFO - Reading issue 1406 - 9/100
2025-03-04 17:52:50,332 - general_log - INFO - Reading issue 1404 - 10/100
2025-03-04 17:52:50,614 - general_log - INFO - Reading issue 1402 - 11/100
2025-03-04 17:52:50,816 - general_log - INFO - Reading issue 1400 - 12/100
2025-03-04 17:52:51,041 - general_log - INFO - Reading issue 1399 - 13/100
2025-03-04 17:52:51,508 - general_log - INFO - Reading issue 1396 - 14/100
2025-03-04 17:52:51,700 - general_log - INFO - Reading issue 1395 - 15/100
2025-03-04 17:52:51,846 - general_log - INFO - Reading issue 1394 - 16/100
2025-03-04 17:52:52,021 - general_log - INFO - Reading issue 1392 - 17/100
2025-03-04 17:52:52,246 - general_log - INFO - Reading issue 1381 - 18/100
2025-03-04 17:52:52,664 - general_log - INFO - Reading issue 1372 - 19/100
2025-03-04 17:52:52,772 - general_log - INFO - Reading issue 1371 - 20/100
2025-03-04 17:52:52,935 - general_log - INFO - Reading issue 1366 - 21/100
2025-03-04 17:52:53,048 - general_log - INFO - Reading issue 1365 - 22/100
2025-03-04 17:52:53,446 - general_log - INFO - Reading issue 1364 - 23/100
2025-03-04 17:52:53,704 - general_log - INFO - Reading issue 1363 - 24/100
2025-03-04 17:52:53,824 - general_log - INFO - Reading issue 1362 - 25/100
2025-03-04 17:52:53,977 - general_log - INFO - Reading issue 1359 - 26/100
2025-03-04 17:52:54,104 - general_log - INFO - Reading issue 1357 - 27/100
2025-03-04 17:52:54,441 - general_log - INFO - Reading issue 1356 - 28/100
2025-03-04 17:52:54,570 - general_log - INFO - Reading issue 1354 - 29/100
2025-03-04 17:52:54,743 - general_log - INFO - Reading issue 1353 - 30/100
2025-03-04 17:52:55,054 - general_log - INFO - Reading issue 1351 - 31/100
2025-03-04 17:52:55,202 - general_log - INFO - Reading issue 1347 - 32/100
2025-03-04 17:52:55,545 - general_log - INFO - Reading issue 1345 - 33/100
2025-03-04 17:52:55,702 - general_log - INFO - Reading issue 1342 - 34/100
2025-03-04 17:52:56,120 - general_log - INFO - Reading issue 1341 - 35/100
2025-03-04 17:52:56,363 - general_log - INFO - Reading issue 1340 - 36/100
2025-03-04 17:52:56,510 - general_log - INFO - Reading issue 1339 - 37/100
2025-03-04 17:52:56,654 - general_log - INFO - Reading issue 1338 - 38/100
2025-03-04 17:52:56,795 - general_log - INFO - Reading issue 1337 - 39/100
2025-03-04 17:52:57,062 - general_log - INFO - Reading issue 1334 - 40/100
2025-03-04 17:52:57,227 - general_log - INFO - Reading issue 1333 - 41/100
2025-03-04 17:52:57,363 - general_log - INFO - Reading issue 1332 - 42/100
2025-03-04 17:52:57,504 - general_log - INFO - Reading issue 1331 - 43/100
2025-03-04 17:52:57,687 - general_log - INFO - Reading issue 1327 - 44/100
2025-03-04 17:52:58,147 - general_log - INFO - Reading issue 1324 - 45/100
2025-03-04 17:52:58,473 - general_log - INFO - Reading issue 1323 - 46/100
2025-03-04 17:52:58,635 - general_log - INFO - Reading issue 1322 - 47/100
2025-03-04 17:52:58,806 - general_log - INFO - Reading issue 1321 - 48/100
2025-03-04 17:52:58,946 - general_log - INFO - Reading issue 1320 - 49/100
2025-03-04 17:52:59,089 - general_log - INFO - Reading issue 1315 - 50/100
2025-03-04 17:52:59,224 - general_log - INFO - Reading issue 1314 - 51/100
2025-03-04 17:52:59,352 - general_log - INFO - Reading issue 1313 - 52/100
2025-03-04 17:52:59,703 - general_log - INFO - Reading issue 1312 - 53/100
2025-03-04 17:52:59,849 - general_log - INFO - Reading issue 1305 - 54/100
2025-03-04 17:53:00,000 - general_log - INFO - Reading issue 1303 - 55/100
2025-03-04 17:53:00,151 - general_log - INFO - Reading issue 1302 - 56/100
2025-03-04 17:53:00,615 - general_log - INFO - Reading issue 1299 - 57/100
2025-03-04 17:53:00,749 - general_log - INFO - Reading issue 1295 - 58/100
2025-03-04 17:53:01,080 - general_log - INFO - Reading issue 1294 - 59/100
2025-03-04 17:53:01,281 - general_log - INFO - Reading issue 1293 - 60/100
2025-03-04 17:53:01,448 - general_log - INFO - Reading issue 1292 - 61/100
2025-03-04 17:53:01,576 - general_log - INFO - Reading issue 1291 - 62/100
2025-03-04 17:53:01,718 - general_log - INFO - Reading issue 1290 - 63/100
2025-03-04 17:53:02,068 - general_log - INFO - Reading issue 1289 - 64/100
2025-03-04 17:53:02,207 - general_log - INFO - Reading issue 1288 - 65/100
2025-03-04 17:53:02,561 - general_log - INFO - Reading issue 1286 - 66/100
2025-03-04 17:53:02,713 - general_log - INFO - Reading issue 1285 - 67/100
2025-03-04 17:53:02,887 - general_log - INFO - Reading issue 1284 - 68/100
2025-03-04 17:53:03,037 - general_log - INFO - Reading issue 1283 - 69/100
2025-03-04 17:53:03,177 - general_log - INFO - Reading issue 1275 - 70/100
2025-03-04 17:53:03,340 - general_log - INFO - Reading issue 1272 - 71/100
2025-03-04 17:53:03,539 - general_log - INFO - Reading issue 1271 - 72/100
2025-03-04 17:53:03,857 - general_log - INFO - Reading issue 1270 - 73/100
2025-03-04 17:53:04,189 - general_log - INFO - Reading issue 1268 - 74/100
2025-03-04 17:53:04,539 - general_log - INFO - Reading issue 1267 - 75/100
2025-03-04 17:53:04,708 - general_log - INFO - Reading issue 1266 - 76/100
2025-03-04 17:53:04,862 - general_log - INFO - Reading issue 1264 - 77/100
2025-03-04 17:53:05,218 - general_log - INFO - Reading issue 1263 - 78/100
2025-03-04 17:53:05,382 - general_log - INFO - Reading issue 1258 - 79/100
2025-03-04 17:53:05,520 - general_log - INFO - Reading issue 1257 - 80/100
2025-03-04 17:53:05,689 - general_log - INFO - Reading issue 1256 - 81/100
2025-03-04 17:53:05,819 - general_log - INFO - Reading issue 1255 - 82/100
2025-03-04 17:53:05,972 - general_log - INFO - Reading issue 1254 - 83/100
2025-03-04 17:53:06,111 - general_log - INFO - Reading issue 1253 - 84/100
2025-03-04 17:53:06,297 - general_log - INFO - Reading issue 1252 - 85/100
2025-03-04 17:53:06,421 - general_log - INFO - Reading issue 1251 - 86/100
2025-03-04 17:53:06,536 - general_log - INFO - Reading issue 1249 - 87/100
2025-03-04 17:53:06,818 - general_log - INFO - Reading issue 1248 - 88/100
2025-03-04 17:53:06,954 - general_log - INFO - Reading issue 1247 - 89/100
2025-03-04 17:53:07,092 - general_log - INFO - Reading issue 1245 - 90/100
2025-03-04 17:53:07,235 - general_log - INFO - Reading issue 1242 - 91/100
2025-03-04 17:53:07,388 - general_log - INFO - Reading issue 1239 - 92/100
2025-03-04 17:53:07,558 - general_log - INFO - Reading issue 1237 - 93/100
2025-03-04 17:53:07,706 - general_log - INFO - Reading issue 1235 - 94/100
2025-03-04 17:53:07,848 - general_log - INFO - Reading issue 1234 - 95/100
2025-03-04 17:53:08,185 - general_log - INFO - Reading issue 1233 - 96/100
2025-03-04 17:53:08,357 - general_log - INFO - Reading issue 1226 - 97/100
2025-03-04 17:53:08,532 - general_log - INFO - Reading issue 1225 - 98/100
2025-03-04 17:53:08,890 - general_log - INFO - Reading issue 1223 - 99/100
2025-03-04 17:53:09,049 - general_log - INFO - Reading issue 1222 - 100/100
2025-03-04 17:53:09,199 - general_log - INFO - Getting data from https://api.github.com/search/issues?q=is%3Aissue+repo%3AJabRef%2Fjabref+is%3Aclosed+created%3A2015-08-04..2016-08-03&per_page=100&page=3
2025-03-04 17:53:10,101 - general_log - INFO - Reading issue 1212 - 1/100
2025-03-04 17:53:10,219 - general_log - INFO - Reading issue 1210 - 2/100
2025-03-04 17:53:10,369 - general_log - INFO - Reading issue 1204 - 3/100
2025-03-04 17:53:10,555 - general_log - INFO - Reading issue 1198 - 4/100
2025-03-04 17:53:10,666 - general_log - INFO - Reading issue 1193 - 5/100
2025-03-04 17:53:10,855 - general_log - INFO - Reading issue 1188 - 6/100
2025-03-04 17:53:10,992 - general_log - INFO - Reading issue 1187 - 7/100
2025-03-04 17:53:11,171 - general_log - INFO - Reading issue 1182 - 8/100
2025-03-04 17:53:11,333 - general_log - INFO - Reading issue 1181 - 9/100
2025-03-04 17:53:11,635 - general_log - INFO - Reading issue 1179 - 10/100
2025-03-04 17:53:11,801 - general_log - INFO - Reading issue 1178 - 11/100
2025-03-04 17:53:11,973 - general_log - INFO - Reading issue 1177 - 12/100
2025-03-04 17:53:12,204 - general_log - INFO - Reading issue 1176 - 13/100
2025-03-04 17:53:12,334 - general_log - INFO - Reading issue 1174 - 14/100
2025-03-04 17:53:12,481 - general_log - INFO - Reading issue 1173 - 15/100
2025-03-04 17:53:12,687 - general_log - INFO - Reading issue 1165 - 16/100
2025-03-04 17:53:12,875 - general_log - INFO - Reading issue 1164 - 17/100
2025-03-04 17:53:13,001 - general_log - INFO - Reading issue 1163 - 18/100
2025-03-04 17:53:13,339 - general_log - INFO - Reading issue 1154 - 19/100
2025-03-04 17:53:13,556 - general_log - INFO - Reading issue 1153 - 20/100
2025-03-04 17:53:13,709 - general_log - INFO - Reading issue 1145 - 21/100
2025-03-04 17:53:13,856 - general_log - INFO - Reading issue 1141 - 22/100
2025-03-04 17:53:14,019 - general_log - INFO - Reading issue 1134 - 23/100
2025-03-04 17:53:14,358 - general_log - INFO - Reading issue 1130 - 24/100
2025-03-04 17:53:14,694 - general_log - INFO - Reading issue 1129 - 25/100
2025-03-04 17:53:14,822 - general_log - INFO - Reading issue 1128 - 26/100
2025-03-04 17:53:14,995 - general_log - INFO - Reading issue 1127 - 27/100
2025-03-04 17:53:15,134 - general_log - INFO - Reading issue 1124 - 28/100
2025-03-04 17:53:15,295 - general_log - INFO - Reading issue 1123 - 29/100
2025-03-04 17:53:15,429 - general_log - INFO - Reading issue 1122 - 30/100
2025-03-04 17:53:15,758 - general_log - INFO - Reading issue 1121 - 31/100
2025-03-04 17:53:15,920 - general_log - INFO - Reading issue 1120 - 32/100
2025-03-04 17:53:16,076 - general_log - INFO - Reading issue 1115 - 33/100
2025-03-04 17:53:16,399 - general_log - INFO - Reading issue 1109 - 34/100
2025-03-04 17:53:16,730 - general_log - INFO - Reading issue 1104 - 35/100
2025-03-04 17:53:16,929 - general_log - INFO - Reading issue 1101 - 36/100
2025-03-04 17:53:17,120 - general_log - INFO - Reading issue 1099 - 37/100
2025-03-04 17:53:17,257 - general_log - INFO - Reading issue 1098 - 38/100
2025-03-04 17:53:17,412 - general_log - INFO - Reading issue 1094 - 39/100
2025-03-04 17:53:17,560 - general_log - INFO - Reading issue 1092 - 40/100
2025-03-04 17:53:17,712 - general_log - INFO - Reading issue 1091 - 41/100
2025-03-04 17:53:18,053 - general_log - INFO - Reading issue 1080 - 42/100
2025-03-04 17:53:18,214 - general_log - INFO - Reading issue 1076 - 43/100
2025-03-04 17:53:18,393 - general_log - INFO - Reading issue 1074 - 44/100
2025-03-04 17:53:18,579 - general_log - INFO - Reading issue 1070 - 45/100
2025-03-04 17:53:18,724 - general_log - INFO - Reading issue 1068 - 46/100
2025-03-04 17:53:18,895 - general_log - INFO - Reading issue 1063 - 47/100
2025-03-04 17:53:19,025 - general_log - INFO - Reading issue 1062 - 48/100
2025-03-04 17:53:19,444 - general_log - INFO - Reading issue 1059 - 49/100
2025-03-04 17:53:19,585 - general_log - INFO - Reading issue 1058 - 50/100
2025-03-04 17:53:19,742 - general_log - INFO - Reading issue 1055 - 51/100
2025-03-04 17:53:19,878 - general_log - INFO - Reading issue 1051 - 52/100
2025-03-04 17:53:20,028 - general_log - INFO - Reading issue 1049 - 53/100
2025-03-04 17:53:20,185 - general_log - INFO - Reading issue 1044 - 54/100
2025-03-04 17:53:20,346 - general_log - INFO - Reading issue 1043 - 55/100
2025-03-04 17:53:20,496 - general_log - INFO - Reading issue 1038 - 56/100
2025-03-04 17:53:20,657 - general_log - INFO - Reading issue 1034 - 57/100
2025-03-04 17:53:20,812 - general_log - INFO - Reading issue 1031 - 58/100
2025-03-04 17:53:20,941 - general_log - INFO - Reading issue 1026 - 59/100
2025-03-04 17:53:21,099 - general_log - INFO - Reading issue 1024 - 60/100
2025-03-04 17:53:21,218 - general_log - INFO - Reading issue 1023 - 61/100
2025-03-04 17:53:21,448 - general_log - INFO - Reading issue 1019 - 62/100
2025-03-04 17:53:21,801 - general_log - INFO - Reading issue 1018 - 63/100
2025-03-04 17:53:22,066 - general_log - INFO - Reading issue 1017 - 64/100
2025-03-04 17:53:22,267 - general_log - INFO - Reading issue 1015 - 65/100
2025-03-04 17:53:22,396 - general_log - INFO - Reading issue 1012 - 66/100
2025-03-04 17:53:22,566 - general_log - INFO - Reading issue 1011 - 67/100
2025-03-04 17:53:22,692 - general_log - INFO - Reading issue 1004 - 68/100
2025-03-04 17:53:22,838 - general_log - INFO - Reading issue 1001 - 69/100
2025-03-04 17:53:23,055 - general_log - INFO - Reading issue 1000 - 70/100
2025-03-04 17:53:23,170 - general_log - INFO - Reading issue 995 - 71/100
2025-03-04 17:53:23,295 - general_log - INFO - Reading issue 993 - 72/100
2025-03-04 17:53:23,514 - general_log - INFO - Reading issue 991 - 73/100
2025-03-04 17:53:24,223 - general_log - INFO - Reading issue 990 - 74/100
2025-03-04 17:53:24,382 - general_log - INFO - Reading issue 989 - 75/100
2025-03-04 17:53:24,552 - general_log - INFO - Reading issue 984 - 76/100
2025-03-04 17:53:24,687 - general_log - INFO - Reading issue 978 - 77/100
2025-03-04 17:53:24,833 - general_log - INFO - Reading issue 977 - 78/100
2025-03-04 17:53:24,979 - general_log - INFO - Reading issue 976 - 79/100
2025-03-04 17:53:25,106 - general_log - INFO - Reading issue 973 - 80/100
2025-03-04 17:53:25,531 - general_log - INFO - Reading issue 972 - 81/100
2025-03-04 17:53:25,762 - general_log - INFO - Reading issue 971 - 82/100
2025-03-04 17:53:25,905 - general_log - INFO - Reading issue 970 - 83/100
2025-03-04 17:53:26,081 - general_log - INFO - Reading issue 969 - 84/100
2025-03-04 17:53:26,224 - general_log - INFO - Reading issue 967 - 85/100
2025-03-04 17:53:26,393 - general_log - INFO - Reading issue 963 - 86/100
2025-03-04 17:53:26,695 - general_log - INFO - Reading issue 962 - 87/100
2025-03-04 17:53:27,113 - general_log - INFO - Reading issue 960 - 88/100
2025-03-04 17:53:27,303 - general_log - INFO - Reading issue 959 - 89/100
2025-03-04 17:53:27,449 - general_log - INFO - Reading issue 958 - 90/100
2025-03-04 17:53:27,619 - general_log - INFO - Reading issue 957 - 91/100
2025-03-04 17:53:27,941 - general_log - INFO - Reading issue 953 - 92/100
2025-03-04 17:53:28,108 - general_log - INFO - Reading issue 952 - 93/100
2025-03-04 17:53:28,254 - general_log - INFO - Reading issue 943 - 94/100
2025-03-04 17:53:28,503 - general_log - INFO - Reading issue 941 - 95/100
2025-03-04 17:53:28,680 - general_log - INFO - Reading issue 938 - 96/100
2025-03-04 17:53:28,999 - general_log - INFO - Reading issue 936 - 97/100
2025-03-04 17:53:29,725 - general_log - INFO - Reading issue 935 - 98/100
2025-03-04 17:53:29,986 - general_log - INFO - Reading issue 934 - 99/100
2025-03-04 17:53:30,131 - general_log - INFO - Reading issue 932 - 100/100
2025-03-04 17:53:30,265 - general_log - INFO - Getting data from https://api.github.com/search/issues?q=is%3Aissue+repo%3AJabRef%2Fjabref+is%3Aclosed+created%3A2015-08-04..2016-08-03&per_page=100&page=4
2025-03-04 17:53:31,130 - general_log - INFO - Reading issue 927 - 1/100
2025-03-04 17:53:31,290 - general_log - INFO - Reading issue 923 - 2/100
2025-03-04 17:53:31,432 - general_log - INFO - Reading issue 921 - 3/100
2025-03-04 17:53:31,584 - general_log - INFO - Reading issue 920 - 4/100
2025-03-04 17:53:31,749 - general_log - INFO - Reading issue 919 - 5/100
2025-03-04 17:53:31,895 - general_log - INFO - Reading issue 914 - 6/100
2025-03-04 17:53:32,260 - general_log - INFO - Reading issue 913 - 7/100
2025-03-04 17:53:32,491 - general_log - INFO - Reading issue 911 - 8/100
2025-03-04 17:53:32,660 - general_log - INFO - Reading issue 908 - 9/100
2025-03-04 17:53:32,820 - general_log - INFO - Reading issue 898 - 10/100
2025-03-04 17:53:33,017 - general_log - INFO - Reading issue 896 - 11/100
2025-03-04 17:53:33,174 - general_log - INFO - Reading issue 895 - 12/100
2025-03-04 17:53:33,301 - general_log - INFO - Reading issue 890 - 13/100
2025-03-04 17:53:34,005 - general_log - INFO - Reading issue 889 - 14/100
2025-03-04 17:53:34,145 - general_log - INFO - Reading issue 888 - 15/100
2025-03-04 17:53:34,464 - general_log - INFO - Reading issue 885 - 16/100
2025-03-04 17:53:34,638 - general_log - INFO - Reading issue 883 - 17/100
2025-03-04 17:53:35,022 - general_log - INFO - Reading issue 882 - 18/100
2025-03-04 17:53:35,185 - general_log - INFO - Reading issue 880 - 19/100
2025-03-04 17:53:35,308 - general_log - INFO - Reading issue 878 - 20/100
2025-03-04 17:53:35,524 - general_log - INFO - Reading issue 872 - 21/100
2025-03-04 17:53:35,713 - general_log - INFO - Reading issue 871 - 22/100
2025-03-04 17:53:35,855 - general_log - INFO - Reading issue 862 - 23/100
2025-03-04 17:53:36,006 - general_log - INFO - Reading issue 861 - 24/100
2025-03-04 17:53:36,161 - general_log - INFO - Reading issue 860 - 25/100
2025-03-04 17:53:36,301 - general_log - INFO - Reading issue 859 - 26/100
2025-03-04 17:53:36,455 - general_log - INFO - Reading issue 856 - 27/100
2025-03-04 17:53:37,399 - general_log - INFO - Reading issue 850 - 28/100
2025-03-04 17:53:37,534 - general_log - INFO - Reading issue 846 - 29/100
2025-03-04 17:53:37,681 - general_log - INFO - Reading issue 845 - 30/100
2025-03-04 17:53:37,833 - general_log - INFO - Reading issue 840 - 31/100
2025-03-04 17:53:37,971 - general_log - INFO - Reading issue 839 - 32/100
2025-03-04 17:53:38,117 - general_log - INFO - Reading issue 838 - 33/100
2025-03-04 17:53:38,347 - general_log - INFO - Reading issue 834 - 34/100
2025-03-04 17:53:38,520 - general_log - INFO - Reading issue 829 - 35/100
2025-03-04 17:53:38,681 - general_log - INFO - Reading issue 825 - 36/100
2025-03-04 17:53:38,816 - general_log - INFO - Reading issue 824 - 37/100
2025-03-04 17:53:39,208 - general_log - INFO - Reading issue 823 - 38/100
2025-03-04 17:53:39,346 - general_log - INFO - Reading issue 822 - 39/100
2025-03-04 17:53:39,734 - general_log - INFO - Reading issue 820 - 40/100
2025-03-04 17:53:39,874 - general_log - INFO - Reading issue 819 - 41/100
2025-03-04 17:53:40,042 - general_log - INFO - Reading issue 818 - 42/100
2025-03-04 17:53:40,178 - general_log - INFO - Reading issue 816 - 43/100
2025-03-04 17:53:40,297 - general_log - INFO - Reading issue 815 - 44/100
2025-03-04 17:53:41,197 - general_log - INFO - Reading issue 811 - 45/100
2025-03-04 17:53:41,334 - general_log - INFO - Reading issue 809 - 46/100
2025-03-04 17:53:41,503 - general_log - INFO - Reading issue 803 - 47/100
2025-03-04 17:53:41,830 - general_log - INFO - Reading issue 802 - 48/100
2025-03-04 17:53:42,196 - general_log - INFO - Reading issue 801 - 49/100
2025-03-04 17:53:42,373 - general_log - INFO - Reading issue 800 - 50/100
2025-03-04 17:53:42,496 - general_log - INFO - Reading issue 796 - 51/100
2025-03-04 17:53:42,645 - general_log - INFO - Reading issue 794 - 52/100
2025-03-04 17:53:42,804 - general_log - INFO - Reading issue 792 - 53/100
2025-03-04 17:53:42,930 - general_log - INFO - Reading issue 791 - 54/100
2025-03-04 17:53:43,048 - general_log - INFO - Reading issue 789 - 55/100
2025-03-04 17:53:43,374 - general_log - INFO - Reading issue 786 - 56/100
2025-03-04 17:53:43,528 - general_log - INFO - Reading issue 783 - 57/100
2025-03-04 17:53:43,695 - general_log - INFO - Reading issue 781 - 58/100
2025-03-04 17:53:43,868 - general_log - INFO - Reading issue 779 - 59/100
2025-03-04 17:53:44,109 - general_log - INFO - Reading issue 777 - 60/100
2025-03-04 17:53:44,242 - general_log - INFO - Reading issue 774 - 61/100
2025-03-04 17:53:44,438 - general_log - INFO - Reading issue 773 - 62/100
2025-03-04 17:53:44,575 - general_log - INFO - Reading issue 772 - 63/100
2025-03-04 17:53:44,714 - general_log - INFO - Reading issue 770 - 64/100
2025-03-04 17:53:44,873 - general_log - INFO - Reading issue 768 - 65/100
2025-03-04 17:53:45,013 - general_log - INFO - Reading issue 766 - 66/100
2025-03-04 17:53:45,161 - general_log - INFO - Reading issue 764 - 67/100
2025-03-04 17:53:45,295 - general_log - INFO - Reading issue 763 - 68/100
2025-03-04 17:53:45,427 - general_log - INFO - Reading issue 759 - 69/100
2025-03-04 17:53:45,566 - general_log - INFO - Reading issue 756 - 70/100
2025-03-04 17:53:45,700 - general_log - INFO - Reading issue 754 - 71/100
2025-03-04 17:53:46,016 - general_log - INFO - Reading issue 751 - 72/100
2025-03-04 17:53:46,875 - general_log - INFO - Reading issue 743 - 73/100
2025-03-04 17:53:47,028 - general_log - INFO - Reading issue 742 - 74/100
2025-03-04 17:53:47,192 - general_log - INFO - Reading issue 741 - 75/100
2025-03-04 17:53:47,962 - general_log - INFO - Reading issue 738 - 76/100
2025-03-04 17:53:48,102 - general_log - INFO - Reading issue 731 - 77/100
2025-03-04 17:53:48,265 - general_log - INFO - Reading issue 730 - 78/100
2025-03-04 17:53:48,425 - general_log - INFO - Reading issue 725 - 79/100
2025-03-04 17:53:48,616 - general_log - INFO - Reading issue 720 - 80/100
2025-03-04 17:53:48,810 - general_log - INFO - Reading issue 710 - 81/100
2025-03-04 17:53:48,973 - general_log - INFO - Reading issue 707 - 82/100
2025-03-04 17:53:49,155 - general_log - INFO - Reading issue 706 - 83/100
2025-03-04 17:53:49,283 - general_log - INFO - Reading issue 705 - 84/100
2025-03-04 17:53:49,418 - general_log - INFO - Reading issue 702 - 85/100
2025-03-04 17:53:49,544 - general_log - INFO - Reading issue 698 - 86/100
2025-03-04 17:53:49,821 - general_log - INFO - Reading issue 696 - 87/100
2025-03-04 17:53:50,008 - general_log - INFO - Reading issue 687 - 88/100
2025-03-04 17:53:50,237 - general_log - INFO - Reading issue 686 - 89/100
2025-03-04 17:53:50,463 - general_log - INFO - Reading issue 685 - 90/100
2025-03-04 17:53:50,662 - general_log - INFO - Reading issue 684 - 91/100
2025-03-04 17:53:50,974 - general_log - INFO - Reading issue 682 - 92/100
2025-03-04 17:53:51,145 - general_log - INFO - Reading issue 680 - 93/100
2025-03-04 17:53:51,369 - general_log - INFO - Reading issue 679 - 94/100
2025-03-04 17:53:51,529 - general_log - INFO - Reading issue 678 - 95/100
2025-03-04 17:53:51,675 - general_log - INFO - Reading issue 676 - 96/100
2025-03-04 17:53:51,850 - general_log - INFO - Reading issue 675 - 97/100
2025-03-04 17:53:51,997 - general_log - INFO - Reading issue 674 - 98/100
2025-03-04 17:53:52,307 - general_log - INFO - Reading issue 673 - 99/100
2025-03-04 17:53:52,446 - general_log - INFO - Reading issue 672 - 100/100
2025-03-04 17:53:52,751 - general_log - INFO - Getting data from https://api.github.com/search/issues?q=is%3Aissue+repo%3AJabRef%2Fjabref+is%3Aclosed+created%3A2015-08-04..2016-08-03&per_page=100&page=5
2025-03-04 17:53:53,786 - general_log - INFO - Reading issue 671 - 1/100
2025-03-04 17:53:54,115 - general_log - INFO - Reading issue 670 - 2/100
2025-03-04 17:53:54,338 - general_log - INFO - Reading issue 669 - 3/100
2025-03-04 17:53:54,557 - general_log - INFO - Reading issue 668 - 4/100
2025-03-04 17:53:54,731 - general_log - INFO - Reading issue 667 - 5/100
2025-03-04 17:53:54,983 - general_log - INFO - Reading issue 666 - 6/100
2025-03-04 17:53:55,124 - general_log - INFO - Reading issue 665 - 7/100
2025-03-04 17:53:55,339 - general_log - INFO - Reading issue 664 - 8/100
2025-03-04 17:53:55,501 - general_log - INFO - Reading issue 662 - 9/100
2025-03-04 17:53:55,671 - general_log - INFO - Reading issue 661 - 10/100
2025-03-04 17:53:55,839 - general_log - INFO - Reading issue 659 - 11/100
2025-03-04 17:53:56,018 - general_log - INFO - Reading issue 655 - 12/100
2025-03-04 17:53:56,412 - general_log - INFO - Reading issue 654 - 13/100
2025-03-04 17:53:56,584 - general_log - INFO - Reading issue 653 - 14/100
2025-03-04 17:53:56,716 - general_log - INFO - Reading issue 651 - 15/100
2025-03-04 17:53:57,062 - general_log - INFO - Reading issue 650 - 16/100
2025-03-04 17:53:57,283 - general_log - INFO - Reading issue 649 - 17/100
2025-03-04 17:53:58,005 - general_log - INFO - Reading issue 647 - 18/100
2025-03-04 17:53:58,190 - general_log - INFO - Reading issue 646 - 19/100
2025-03-04 17:53:58,354 - general_log - INFO - Reading issue 644 - 20/100
2025-03-04 17:53:58,723 - general_log - INFO - Reading issue 642 - 21/100
2025-03-04 17:53:58,886 - general_log - INFO - Reading issue 640 - 22/100
2025-03-04 17:53:59,029 - general_log - INFO - Reading issue 638 - 23/100
2025-03-04 17:53:59,197 - general_log - INFO - Reading issue 637 - 24/100
2025-03-04 17:53:59,394 - general_log - INFO - Reading issue 636 - 25/100
2025-03-04 17:53:59,810 - general_log - INFO - Reading issue 631 - 26/100
2025-03-04 17:53:59,978 - general_log - INFO - Reading issue 630 - 27/100
2025-03-04 17:54:00,122 - general_log - INFO - Reading issue 629 - 28/100
2025-03-04 17:54:00,302 - general_log - INFO - Reading issue 628 - 29/100
2025-03-04 17:54:00,722 - general_log - INFO - Reading issue 627 - 30/100
2025-03-04 17:54:01,601 - general_log - INFO - Reading issue 625 - 31/100
2025-03-04 17:54:01,753 - general_log - INFO - Reading issue 623 - 32/100
2025-03-04 17:54:01,992 - general_log - INFO - Reading issue 622 - 33/100
2025-03-04 17:54:02,204 - general_log - INFO - Reading issue 621 - 34/100
2025-03-04 17:54:03,001 - general_log - INFO - Reading issue 620 - 35/100
2025-03-04 17:54:03,147 - general_log - INFO - Reading issue 618 - 36/100
2025-03-04 17:54:03,280 - general_log - INFO - Reading issue 617 - 37/100
2025-03-04 17:54:03,404 - general_log - INFO - Reading issue 615 - 38/100
2025-03-04 17:54:03,533 - general_log - INFO - Reading issue 614 - 39/100
2025-03-04 17:54:03,686 - general_log - INFO - Reading issue 613 - 40/100
2025-03-04 17:54:03,867 - general_log - INFO - Reading issue 609 - 41/100
2025-03-04 17:54:04,104 - general_log - INFO - Reading issue 608 - 42/100
2025-03-04 17:54:04,741 - general_log - INFO - Reading issue 607 - 43/100
2025-03-04 17:54:04,873 - general_log - INFO - Reading issue 599 - 44/100
2025-03-04 17:54:05,467 - general_log - INFO - Reading issue 598 - 45/100
2025-03-04 17:54:06,230 - general_log - INFO - Reading issue 593 - 46/100
2025-03-04 17:54:06,409 - general_log - INFO - Reading issue 586 - 47/100
2025-03-04 17:54:06,609 - general_log - INFO - Reading issue 578 - 48/100
2025-03-04 17:54:06,770 - general_log - INFO - Reading issue 574 - 49/100
2025-03-04 17:54:06,917 - general_log - INFO - Reading issue 573 - 50/100
2025-03-04 17:54:07,055 - general_log - INFO - Reading issue 571 - 51/100
2025-03-04 17:54:07,200 - general_log - INFO - Reading issue 570 - 52/100
2025-03-04 17:54:07,367 - general_log - INFO - Reading issue 565 - 53/100
2025-03-04 17:54:07,583 - general_log - INFO - Reading issue 564 - 54/100
2025-03-04 17:54:07,949 - general_log - INFO - Reading issue 563 - 55/100
2025-03-04 17:54:08,082 - general_log - INFO - Reading issue 562 - 56/100
2025-03-04 17:54:08,223 - general_log - INFO - Reading issue 561 - 57/100
2025-03-04 17:54:08,376 - general_log - INFO - Reading issue 559 - 58/100
2025-03-04 17:54:08,509 - general_log - INFO - Reading issue 558 - 59/100
2025-03-04 17:54:08,651 - general_log - INFO - Reading issue 556 - 60/100
2025-03-04 17:54:08,850 - general_log - INFO - Reading issue 555 - 61/100
2025-03-04 17:54:09,078 - general_log - INFO - Reading issue 552 - 62/100
2025-03-04 17:54:09,244 - general_log - INFO - Reading issue 550 - 63/100
2025-03-04 17:54:09,404 - general_log - INFO - Reading issue 549 - 64/100
2025-03-04 17:54:09,547 - general_log - INFO - Reading issue 548 - 65/100
2025-03-04 17:54:09,685 - general_log - INFO - Reading issue 545 - 66/100
2025-03-04 17:54:10,206 - general_log - INFO - Reading issue 544 - 67/100
2025-03-04 17:54:10,346 - general_log - INFO - Reading issue 539 - 68/100
2025-03-04 17:54:10,490 - general_log - INFO - Reading issue 537 - 69/100
2025-03-04 17:54:10,684 - general_log - INFO - Reading issue 535 - 70/100
2025-03-04 17:54:10,899 - general_log - INFO - Reading issue 534 - 71/100
2025-03-04 17:54:11,049 - general_log - INFO - Reading issue 533 - 72/100
2025-03-04 17:54:11,269 - general_log - INFO - Reading issue 532 - 73/100
2025-03-04 17:54:11,429 - general_log - INFO - Reading issue 529 - 74/100
2025-03-04 17:54:11,548 - general_log - INFO - Reading issue 528 - 75/100
2025-03-04 17:54:11,702 - general_log - INFO - Reading issue 527 - 76/100
2025-03-04 17:54:11,830 - general_log - INFO - Reading issue 526 - 77/100
2025-03-04 17:54:11,974 - general_log - INFO - Reading issue 524 - 78/100
2025-03-04 17:54:12,138 - general_log - INFO - Reading issue 523 - 79/100
2025-03-04 17:54:12,296 - general_log - INFO - Reading issue 522 - 80/100
2025-03-04 17:54:12,423 - general_log - INFO - Reading issue 521 - 81/100
2025-03-04 17:54:12,574 - general_log - INFO - Reading issue 520 - 82/100
2025-03-04 17:54:12,741 - general_log - INFO - Reading issue 518 - 83/100
2025-03-04 17:54:12,920 - general_log - INFO - Reading issue 516 - 84/100
2025-03-04 17:54:13,098 - general_log - INFO - Reading issue 503 - 85/100
2025-03-04 17:54:13,266 - general_log - INFO - Reading issue 499 - 86/100
2025-03-04 17:54:13,412 - general_log - INFO - Reading issue 498 - 87/100
2025-03-04 17:54:14,194 - general_log - INFO - Reading issue 497 - 88/100
2025-03-04 17:54:14,327 - general_log - INFO - Reading issue 496 - 89/100
2025-03-04 17:54:14,540 - general_log - INFO - Reading issue 495 - 90/100
2025-03-04 17:54:14,719 - general_log - INFO - Reading issue 494 - 91/100
2025-03-04 17:54:14,900 - general_log - INFO - Reading issue 493 - 92/100
2025-03-04 17:54:15,021 - general_log - INFO - Reading issue 492 - 93/100
2025-03-04 17:54:15,789 - general_log - INFO - Reading issue 490 - 94/100
2025-03-04 17:54:15,933 - general_log - INFO - Reading issue 489 - 95/100
2025-03-04 17:54:16,121 - general_log - INFO - Reading issue 483 - 96/100
2025-03-04 17:54:16,280 - general_log - INFO - Reading issue 482 - 97/100
2025-03-04 17:54:16,548 - general_log - INFO - Reading issue 481 - 98/100
2025-03-04 17:54:16,714 - general_log - INFO - Reading issue 480 - 99/100
2025-03-04 17:54:16,847 - general_log - INFO - Reading issue 479 - 100/100
2025-03-04 17:54:16,997 - general_log - INFO - Getting data from https://api.github.com/search/issues?q=is%3Aissue+repo%3AJabRef%2Fjabref+is%3Aclosed+created%3A2015-08-04..2016-08-03&per_page=100&page=6
2025-03-04 17:54:18,065 - general_log - INFO - Reading issue 477 - 1/100
2025-03-04 17:54:18,313 - general_log - INFO - Reading issue 473 - 2/100
2025-03-04 17:54:18,622 - general_log - INFO - Reading issue 471 - 3/100
2025-03-04 17:54:18,798 - general_log - INFO - Reading issue 470 - 4/100
2025-03-04 17:54:18,934 - general_log - INFO - Reading issue 466 - 5/100
2025-03-04 17:54:19,729 - general_log - INFO - Reading issue 463 - 6/100
2025-03-04 17:54:19,888 - general_log - INFO - Reading issue 462 - 7/100
2025-03-04 17:54:20,031 - general_log - INFO - Reading issue 461 - 8/100
2025-03-04 17:54:20,169 - general_log - INFO - Reading issue 458 - 9/100
2025-03-04 17:54:20,291 - general_log - INFO - Reading issue 457 - 10/100
2025-03-04 17:54:20,515 - general_log - INFO - Reading issue 455 - 11/100
2025-03-04 17:54:20,725 - general_log - INFO - Reading issue 454 - 12/100
2025-03-04 17:54:21,065 - general_log - INFO - Reading issue 451 - 13/100
2025-03-04 17:54:21,222 - general_log - INFO - Reading issue 448 - 14/100
2025-03-04 17:54:21,375 - general_log - INFO - Reading issue 447 - 15/100
2025-03-04 17:54:21,575 - general_log - INFO - Reading issue 445 - 16/100
2025-03-04 17:54:21,734 - general_log - INFO - Reading issue 444 - 17/100
2025-03-04 17:54:21,895 - general_log - INFO - Reading issue 443 - 18/100
2025-03-04 17:54:22,047 - general_log - INFO - Reading issue 442 - 19/100
2025-03-04 17:54:22,208 - general_log - INFO - Reading issue 438 - 20/100
2025-03-04 17:54:22,328 - general_log - INFO - Reading issue 437 - 21/100
2025-03-04 17:54:22,537 - general_log - INFO - Reading issue 436 - 22/100
2025-03-04 17:54:22,681 - general_log - INFO - Reading issue 435 - 23/100
2025-03-04 17:54:22,894 - general_log - INFO - Reading issue 434 - 24/100
2025-03-04 17:54:23,075 - general_log - INFO - Reading issue 431 - 25/100
2025-03-04 17:54:23,265 - general_log - INFO - Reading issue 430 - 26/100
2025-03-04 17:54:23,403 - general_log - INFO - Reading issue 428 - 27/100
2025-03-04 17:54:23,555 - general_log - INFO - Reading issue 425 - 28/100
2025-03-04 17:54:23,698 - general_log - INFO - Reading issue 423 - 29/100
2025-03-04 17:54:23,865 - general_log - INFO - Reading issue 421 - 30/100
2025-03-04 17:54:24,179 - general_log - INFO - Reading issue 420 - 31/100
2025-03-04 17:54:24,441 - general_log - INFO - Reading issue 419 - 32/100
2025-03-04 17:54:24,580 - general_log - INFO - Reading issue 417 - 33/100
2025-03-04 17:54:24,840 - general_log - INFO - Reading issue 416 - 34/100
2025-03-04 17:54:24,967 - general_log - INFO - Reading issue 415 - 35/100
2025-03-04 17:54:25,100 - general_log - INFO - Reading issue 414 - 36/100
2025-03-04 17:54:25,353 - general_log - INFO - Reading issue 413 - 37/100
2025-03-04 17:54:25,722 - general_log - INFO - Reading issue 412 - 38/100
2025-03-04 17:54:25,983 - general_log - INFO - Reading issue 411 - 39/100
2025-03-04 17:54:26,143 - general_log - INFO - Reading issue 410 - 40/100
2025-03-04 17:54:26,309 - general_log - INFO - Reading issue 409 - 41/100
2025-03-04 17:54:26,452 - general_log - INFO - Reading issue 408 - 42/100
2025-03-04 17:54:26,604 - general_log - INFO - Reading issue 405 - 43/100
2025-03-04 17:54:26,965 - general_log - INFO - Reading issue 402 - 44/100
2025-03-04 17:54:27,652 - general_log - INFO - Reading issue 400 - 45/100
2025-03-04 17:54:27,787 - general_log - INFO - Reading issue 399 - 46/100
2025-03-04 17:54:27,936 - general_log - INFO - Reading issue 398 - 47/100
2025-03-04 17:54:28,080 - general_log - INFO - Reading issue 397 - 48/100
2025-03-04 17:54:28,205 - general_log - INFO - Reading issue 395 - 49/100
2025-03-04 17:54:28,340 - general_log - INFO - Reading issue 393 - 50/100
2025-03-04 17:54:28,496 - general_log - INFO - Reading issue 389 - 51/100
2025-03-04 17:54:28,653 - general_log - INFO - Reading issue 388 - 52/100
2025-03-04 17:54:29,165 - general_log - INFO - Reading issue 386 - 53/100
2025-03-04 17:54:29,309 - general_log - INFO - Reading issue 385 - 54/100
2025-03-04 17:54:29,436 - general_log - INFO - Reading issue 384 - 55/100
2025-03-04 17:54:29,557 - general_log - INFO - Reading issue 383 - 56/100
2025-03-04 17:54:29,679 - general_log - INFO - Reading issue 382 - 57/100
2025-03-04 17:54:29,836 - general_log - INFO - Reading issue 376 - 58/100
2025-03-04 17:54:30,034 - general_log - INFO - Reading issue 372 - 59/100
2025-03-04 17:54:30,184 - general_log - INFO - Reading issue 369 - 60/100
2025-03-04 17:54:30,358 - general_log - INFO - Reading issue 367 - 61/100
2025-03-04 17:54:31,036 - general_log - INFO - Reading issue 366 - 62/100
2025-03-04 17:54:31,186 - general_log - INFO - Reading issue 365 - 63/100
2025-03-04 17:54:31,339 - general_log - INFO - Reading issue 364 - 64/100
2025-03-04 17:54:31,452 - general_log - INFO - Reading issue 363 - 65/100
2025-03-04 17:54:31,597 - general_log - INFO - Reading issue 360 - 66/100
2025-03-04 17:54:31,797 - general_log - INFO - Reading issue 358 - 67/100
2025-03-04 17:54:31,936 - general_log - INFO - Reading issue 350 - 68/100
2025-03-04 17:54:32,076 - general_log - INFO - Reading issue 349 - 69/100
2025-03-04 17:54:32,205 - general_log - INFO - Reading issue 348 - 70/100
2025-03-04 17:54:32,341 - general_log - INFO - Reading issue 346 - 71/100
2025-03-04 17:54:32,497 - general_log - INFO - Reading issue 345 - 72/100
2025-03-04 17:54:32,636 - general_log - INFO - Reading issue 344 - 73/100
2025-03-04 17:54:32,767 - general_log - INFO - Reading issue 341 - 74/100
2025-03-04 17:54:32,898 - general_log - INFO - Reading issue 333 - 75/100
2025-03-04 17:54:33,461 - general_log - INFO - Reading issue 328 - 76/100
2025-03-04 17:54:33,857 - general_log - INFO - Reading issue 326 - 77/100
2025-03-04 17:54:33,973 - general_log - INFO - Reading issue 325 - 78/100
2025-03-04 17:54:34,102 - general_log - INFO - Reading issue 324 - 79/100
2025-03-04 17:54:34,261 - general_log - INFO - Reading issue 323 - 80/100
2025-03-04 17:54:34,391 - general_log - INFO - Reading issue 318 - 81/100
2025-03-04 17:54:34,767 - general_log - INFO - Reading issue 316 - 82/100
2025-03-04 17:54:34,907 - general_log - INFO - Reading issue 315 - 83/100
2025-03-04 17:54:35,084 - general_log - INFO - Reading issue 314 - 84/100
2025-03-04 17:54:35,238 - general_log - INFO - Reading issue 313 - 85/100
2025-03-04 17:54:35,438 - general_log - INFO - Reading issue 312 - 86/100
2025-03-04 17:54:35,592 - general_log - INFO - Reading issue 296 - 87/100
2025-03-04 17:54:35,773 - general_log - INFO - Reading issue 295 - 88/100
2025-03-04 17:54:36,597 - general_log - INFO - Reading issue 293 - 89/100
2025-03-04 17:54:36,758 - general_log - INFO - Reading issue 290 - 90/100
2025-03-04 17:54:37,551 - general_log - INFO - Reading issue 289 - 91/100
2025-03-04 17:54:37,696 - general_log - INFO - Reading issue 288 - 92/100
2025-03-04 17:54:37,887 - general_log - INFO - Reading issue 285 - 93/100
2025-03-04 17:54:38,076 - general_log - INFO - Reading issue 284 - 94/100
2025-03-04 17:54:38,336 - general_log - INFO - Reading issue 282 - 95/100
2025-03-04 17:54:38,461 - general_log - INFO - Reading issue 279 - 96/100
2025-03-04 17:54:38,697 - general_log - INFO - Reading issue 278 - 97/100
2025-03-04 17:54:38,888 - general_log - INFO - Reading issue 275 - 98/100
2025-03-04 17:54:39,016 - general_log - INFO - Reading issue 271 - 99/100
2025-03-04 17:54:39,232 - general_log - INFO - Reading issue 269 - 100/100
2025-03-04 17:54:39,378 - general_log - INFO - Getting data from https://api.github.com/search/issues?q=is%3Aissue+repo%3AJabRef%2Fjabref+is%3Aclosed+created%3A2015-08-04..2016-08-03&per_page=100&page=7
2025-03-04 17:54:40,260 - general_log - INFO - Reading issue 268 - 1/96
2025-03-04 17:54:40,428 - general_log - INFO - Reading issue 263 - 2/96
2025-03-04 17:54:40,573 - general_log - INFO - Reading issue 262 - 3/96
2025-03-04 17:54:40,720 - general_log - INFO - Reading issue 260 - 4/96
2025-03-04 17:54:40,880 - general_log - INFO - Reading issue 254 - 5/96
2025-03-04 17:54:41,002 - general_log - INFO - Reading issue 250 - 6/96
2025-03-04 17:54:41,187 - general_log - INFO - Reading issue 247 - 7/96
2025-03-04 17:54:41,359 - general_log - INFO - Reading issue 245 - 8/96
2025-03-04 17:54:41,497 - general_log - INFO - Reading issue 244 - 9/96
2025-03-04 17:54:41,757 - general_log - INFO - Reading issue 243 - 10/96
2025-03-04 17:54:41,898 - general_log - INFO - Reading issue 240 - 11/96
2025-03-04 17:54:42,040 - general_log - INFO - Reading issue 238 - 12/96
2025-03-04 17:54:42,430 - general_log - INFO - Reading issue 234 - 13/96
2025-03-04 17:54:42,603 - general_log - INFO - Reading issue 231 - 14/96
2025-03-04 17:54:42,786 - general_log - INFO - Reading issue 223 - 15/96
2025-03-04 17:54:43,021 - general_log - INFO - Reading issue 221 - 16/96
2025-03-04 17:54:43,183 - general_log - INFO - Reading issue 220 - 17/96
2025-03-04 17:54:43,341 - general_log - INFO - Reading issue 216 - 18/96
2025-03-04 17:54:43,496 - general_log - INFO - Reading issue 214 - 19/96
2025-03-04 17:54:43,640 - general_log - INFO - Reading issue 213 - 20/96
2025-03-04 17:54:43,894 - general_log - INFO - Reading issue 212 - 21/96
2025-03-04 17:54:44,034 - general_log - INFO - Reading issue 210 - 22/96
2025-03-04 17:54:44,176 - general_log - INFO - Reading issue 209 - 23/96
2025-03-04 17:54:44,352 - general_log - INFO - Reading issue 208 - 24/96
2025-03-04 17:54:44,510 - general_log - INFO - Reading issue 207 - 25/96
2025-03-04 17:54:44,678 - general_log - INFO - Reading issue 203 - 26/96
2025-03-04 17:54:44,839 - general_log - INFO - Reading issue 202 - 27/96
2025-03-04 17:54:45,001 - general_log - INFO - Reading issue 201 - 28/96
2025-03-04 17:54:45,154 - general_log - INFO - Reading issue 199 - 29/96
2025-03-04 17:54:45,322 - general_log - INFO - Reading issue 194 - 30/96
2025-03-04 17:54:45,723 - general_log - INFO - Reading issue 191 - 31/96
2025-03-04 17:54:45,848 - general_log - INFO - Reading issue 190 - 32/96
2025-03-04 17:54:45,998 - general_log - INFO - Reading issue 188 - 33/96
2025-03-04 17:54:46,166 - general_log - INFO - Reading issue 186 - 34/96
2025-03-04 17:54:46,436 - general_log - INFO - Reading issue 185 - 35/96
2025-03-04 17:54:46,691 - general_log - INFO - Reading issue 184 - 36/96
2025-03-04 17:54:46,853 - general_log - INFO - Reading issue 181 - 37/96
2025-03-04 17:54:47,011 - general_log - INFO - Reading issue 180 - 38/96
2025-03-04 17:54:47,205 - general_log - INFO - Reading issue 177 - 39/96
2025-03-04 17:54:47,329 - general_log - INFO - Reading issue 174 - 40/96
2025-03-04 17:54:47,474 - general_log - INFO - Reading issue 173 - 41/96
2025-03-04 17:54:47,843 - general_log - INFO - Reading issue 171 - 42/96
2025-03-04 17:54:48,321 - general_log - INFO - Reading issue 170 - 43/96
2025-03-04 17:54:48,446 - general_log - INFO - Reading issue 169 - 44/96
2025-03-04 17:54:48,573 - general_log - INFO - Reading issue 168 - 45/96
2025-03-04 17:54:48,734 - general_log - INFO - Reading issue 167 - 46/96
2025-03-04 17:54:48,893 - general_log - INFO - Reading issue 161 - 47/96
2025-03-04 17:54:49,068 - general_log - INFO - Reading issue 159 - 48/96
2025-03-04 17:54:49,228 - general_log - INFO - Reading issue 157 - 49/96
2025-03-04 17:54:49,371 - general_log - INFO - Reading issue 155 - 50/96
2025-03-04 17:54:49,854 - general_log - INFO - Reading issue 154 - 51/96
2025-03-04 17:54:50,034 - general_log - INFO - Reading issue 153 - 52/96
2025-03-04 17:54:50,191 - general_log - INFO - Reading issue 152 - 53/96
2025-03-04 17:54:50,900 - general_log - INFO - Reading issue 151 - 54/96
2025-03-04 17:54:51,082 - general_log - INFO - Reading issue 149 - 55/96
2025-03-04 17:54:51,234 - general_log - INFO - Reading issue 148 - 56/96
2025-03-04 17:54:51,471 - general_log - INFO - Reading issue 145 - 57/96
2025-03-04 17:54:51,586 - general_log - INFO - Reading issue 144 - 58/96
2025-03-04 17:54:51,732 - general_log - INFO - Reading issue 142 - 59/96
2025-03-04 17:54:51,936 - general_log - INFO - Reading issue 141 - 60/96
2025-03-04 17:54:52,104 - general_log - INFO - Reading issue 139 - 61/96
2025-03-04 17:54:52,248 - general_log - INFO - Reading issue 138 - 62/96
2025-03-04 17:54:52,478 - general_log - INFO - Reading issue 136 - 63/96
2025-03-04 17:54:52,638 - general_log - INFO - Reading issue 135 - 64/96
2025-03-04 17:54:52,778 - general_log - INFO - Reading issue 134 - 65/96
2025-03-04 17:54:52,925 - general_log - INFO - Reading issue 133 - 66/96
2025-03-04 17:54:53,131 - general_log - INFO - Reading issue 132 - 67/96
2025-03-04 17:54:53,261 - general_log - INFO - Reading issue 131 - 68/96
2025-03-04 17:54:53,431 - general_log - INFO - Reading issue 130 - 69/96
2025-03-04 17:54:53,597 - general_log - INFO - Reading issue 129 - 70/96
2025-03-04 17:54:53,715 - general_log - INFO - Reading issue 126 - 71/96
2025-03-04 17:54:54,019 - general_log - INFO - Reading issue 124 - 72/96
2025-03-04 17:54:54,155 - general_log - INFO - Reading issue 123 - 73/96
2025-03-04 17:54:54,323 - general_log - INFO - Reading issue 122 - 74/96
2025-03-04 17:54:54,453 - general_log - INFO - Reading issue 121 - 75/96
2025-03-04 17:54:54,612 - general_log - INFO - Reading issue 120 - 76/96
2025-03-04 17:54:54,789 - general_log - INFO - Reading issue 119 - 77/96
2025-03-04 17:54:54,980 - general_log - INFO - Reading issue 118 - 78/96
2025-03-04 17:54:55,126 - general_log - INFO - Reading issue 117 - 79/96
2025-03-04 17:54:55,256 - general_log - INFO - Reading issue 116 - 80/96
2025-03-04 17:54:55,478 - general_log - INFO - Reading issue 115 - 81/96
2025-03-04 17:54:55,636 - general_log - INFO - Reading issue 114 - 82/96
2025-03-04 17:54:55,799 - general_log - INFO - Reading issue 113 - 83/96
2025-03-04 17:54:55,955 - general_log - INFO - Reading issue 112 - 84/96
2025-03-04 17:54:56,107 - general_log - INFO - Reading issue 111 - 85/96
2025-03-04 17:54:56,279 - general_log - INFO - Reading issue 107 - 86/96
2025-03-04 17:54:56,963 - general_log - INFO - Reading issue 106 - 87/96
2025-03-04 17:54:57,096 - general_log - INFO - Reading issue 104 - 88/96
2025-03-04 17:54:57,264 - general_log - INFO - Reading issue 103 - 89/96
2025-03-04 17:54:57,524 - general_log - INFO - Reading issue 102 - 90/96
2025-03-04 17:54:57,655 - general_log - INFO - Reading issue 97 - 91/96
2025-03-04 17:54:57,789 - general_log - INFO - Reading issue 95 - 92/96
2025-03-04 17:54:57,966 - general_log - INFO - Reading issue 92 - 93/96
2025-03-04 17:54:58,120 - general_log - INFO - Reading issue 91 - 94/96
2025-03-04 17:54:58,248 - general_log - INFO - Reading issue 88 - 95/96
2025-03-04 17:54:58,410 - general_log - INFO - Reading issue 87 - 96/96
2025-03-04 17:54:58,575 - general_log - INFO - Getting data from https://api.github.com/search/issues?q=is:issue%20repo:JabRef/jabref%20is:closed%20created:2016-08-04..2017-08-04&per_page=100
2025-03-04 17:54:59,403 - general_log - INFO - Total count: 623
2025-03-04 17:54:59,405 - general_log - INFO - Reading issue 3076 - 1/100
2025-03-04 17:54:59,549 - general_log - INFO - Reading issue 3075 - 2/100
2025-03-04 17:54:59,998 - general_log - INFO - Reading issue 3074 - 3/100
2025-03-04 17:55:00,314 - general_log - INFO - Reading issue 3073 - 4/100
2025-03-04 17:55:00,440 - general_log - INFO - Reading issue 3072 - 5/100
2025-03-04 17:55:00,812 - general_log - INFO - Reading issue 3068 - 6/100
2025-03-04 17:55:00,958 - general_log - INFO - Reading issue 3067 - 7/100
2025-03-04 17:55:01,301 - general_log - INFO - Reading issue 3066 - 8/100
2025-03-04 17:55:01,488 - general_log - INFO - Reading issue 3064 - 9/100
2025-03-04 17:55:01,634 - general_log - INFO - Reading issue 3063 - 10/100
2025-03-04 17:55:01,784 - general_log - INFO - Reading issue 3062 - 11/100
2025-03-04 17:55:02,113 - general_log - INFO - Reading issue 3059 - 12/100
2025-03-04 17:55:02,424 - general_log - INFO - Reading issue 3057 - 13/100
2025-03-04 17:55:02,591 - general_log - INFO - Reading issue 3056 - 14/100
2025-03-04 17:55:02,712 - general_log - INFO - Reading issue 3055 - 15/100
2025-03-04 17:55:02,836 - general_log - INFO - Reading issue 3054 - 16/100
2025-03-04 17:55:03,144 - general_log - INFO - Reading issue 3053 - 17/100
2025-03-04 17:55:03,328 - general_log - INFO - Reading issue 3052 - 18/100
2025-03-04 17:55:03,477 - general_log - INFO - Reading issue 3051 - 19/100
2025-03-04 17:55:03,591 - general_log - INFO - Reading issue 3049 - 20/100
2025-03-04 17:55:03,729 - general_log - INFO - Reading issue 3047 - 21/100
2025-03-04 17:55:03,892 - general_log - INFO - Reading issue 3046 - 22/100
2025-03-04 17:55:04,176 - general_log - INFO - Reading issue 3045 - 23/100
2025-03-04 17:55:04,439 - general_log - INFO - Reading issue 3044 - 24/100
2025-03-04 17:55:04,574 - general_log - INFO - Reading issue 3043 - 25/100
2025-03-04 17:55:04,733 - general_log - INFO - Reading issue 3039 - 26/100
2025-03-04 17:55:04,899 - general_log - INFO - Reading issue 3038 - 27/100
2025-03-04 17:55:05,055 - general_log - INFO - Reading issue 3036 - 28/100
2025-03-04 17:55:05,390 - general_log - INFO - Reading issue 3035 - 29/100
2025-03-04 17:55:05,754 - general_log - INFO - Reading issue 3034 - 30/100
2025-03-04 17:55:06,075 - general_log - INFO - Reading issue 3028 - 31/100
2025-03-04 17:55:06,279 - general_log - INFO - Reading issue 3027 - 32/100
2025-03-04 17:55:06,694 - general_log - INFO - Reading issue 3023 - 33/100
2025-03-04 17:55:06,845 - general_log - INFO - Reading issue 3021 - 34/100
2025-03-04 17:55:06,991 - general_log - INFO - Reading issue 3020 - 35/100
2025-03-04 17:55:07,137 - general_log - INFO - Reading issue 3014 - 36/100
2025-03-04 17:55:07,446 - general_log - INFO - Reading issue 3013 - 37/100
2025-03-04 17:55:07,676 - general_log - INFO - Reading issue 2998 - 38/100
2025-03-04 17:55:07,936 - general_log - INFO - Reading issue 2996 - 39/100
2025-03-04 17:55:08,081 - general_log - INFO - Reading issue 2993 - 40/100
2025-03-04 17:55:08,234 - general_log - INFO - Reading issue 2989 - 41/100
2025-03-04 17:55:08,378 - general_log - INFO - Reading issue 2985 - 42/100
2025-03-04 17:55:08,499 - general_log - INFO - Reading issue 2984 - 43/100
2025-03-04 17:55:08,643 - general_log - INFO - Reading issue 2983 - 44/100
2025-03-04 17:55:08,841 - general_log - INFO - Reading issue 2982 - 45/100
2025-03-04 17:55:08,991 - general_log - INFO - Reading issue 2980 - 46/100
2025-03-04 17:55:09,118 - general_log - INFO - Reading issue 2979 - 47/100
2025-03-04 17:55:09,250 - general_log - INFO - Reading issue 2977 - 48/100
2025-03-04 17:55:09,388 - general_log - INFO - Reading issue 2976 - 49/100
2025-03-04 17:55:09,531 - general_log - INFO - Reading issue 2975 - 50/100
2025-03-04 17:55:09,673 - general_log - INFO - Reading issue 2974 - 51/100
2025-03-04 17:55:09,899 - general_log - INFO - Reading issue 2973 - 52/100
2025-03-04 17:55:10,176 - general_log - INFO - Reading issue 2970 - 53/100
2025-03-04 17:55:10,312 - general_log - INFO - Reading issue 2969 - 54/100
2025-03-04 17:55:10,634 - general_log - INFO - Reading issue 2968 - 55/100
2025-03-04 17:55:10,788 - general_log - INFO - Reading issue 2967 - 56/100
2025-03-04 17:55:11,368 - general_log - INFO - Reading issue 2966 - 57/100
2025-03-04 17:55:11,535 - general_log - INFO - Reading issue 2964 - 58/100
2025-03-04 17:55:11,956 - general_log - INFO - Reading issue 2963 - 59/100
2025-03-04 17:55:12,117 - general_log - INFO - Reading issue 2962 - 60/100
2025-03-04 17:55:12,284 - general_log - INFO - Reading issue 2960 - 61/100
2025-03-04 17:55:12,547 - general_log - INFO - Reading issue 2958 - 62/100
2025-03-04 17:55:12,713 - general_log - INFO - Reading issue 2956 - 63/100
2025-03-04 17:55:12,883 - general_log - INFO - Reading issue 2955 - 64/100
2025-03-04 17:55:13,058 - general_log - INFO - Reading issue 2954 - 65/100
2025-03-04 17:55:13,207 - general_log - INFO - Reading issue 2953 - 66/100
2025-03-04 17:55:13,403 - general_log - INFO - Reading issue 2951 - 67/100
2025-03-04 17:55:13,540 - general_log - INFO - Reading issue 2950 - 68/100
2025-03-04 17:55:13,671 - general_log - INFO - Reading issue 2949 - 69/100
2025-03-04 17:55:13,847 - general_log - INFO - Reading issue 2948 - 70/100
2025-03-04 17:55:13,994 - general_log - INFO - Reading issue 2947 - 71/100
2025-03-04 17:55:14,292 - general_log - INFO - Reading issue 2946 - 72/100
2025-03-04 17:55:14,514 - general_log - INFO - Reading issue 2945 - 73/100
2025-03-04 17:55:14,697 - general_log - INFO - Reading issue 2944 - 74/100
2025-03-04 17:55:14,850 - general_log - INFO - Reading issue 2942 - 75/100
2025-03-04 17:55:14,982 - general_log - INFO - Reading issue 2941 - 76/100
2025-03-04 17:55:15,115 - general_log - INFO - Reading issue 2940 - 77/100
2025-03-04 17:55:15,245 - general_log - INFO - Reading issue 2938 - 78/100
2025-03-04 17:55:15,595 - general_log - INFO - Reading issue 2936 - 79/100
2025-03-04 17:55:15,753 - general_log - INFO - Reading issue 2933 - 80/100
2025-03-04 17:55:15,922 - general_log - INFO - Reading issue 2932 - 81/100
2025-03-04 17:55:16,342 - general_log - INFO - Reading issue 2931 - 82/100
2025-03-04 17:55:16,740 - general_log - INFO - Reading issue 2930 - 83/100
2025-03-04 17:55:17,085 - general_log - INFO - Reading issue 2929 - 84/100
2025-03-04 17:55:17,254 - general_log - INFO - Reading issue 2928 - 85/100
2025-03-04 17:55:17,411 - general_log - INFO - Reading issue 2927 - 86/100
2025-03-04 17:55:17,552 - general_log - INFO - Reading issue 2925 - 87/100
2025-03-04 17:55:17,886 - general_log - INFO - Reading issue 2924 - 88/100
2025-03-04 17:55:18,017 - general_log - INFO - Reading issue 2922 - 89/100
2025-03-04 17:55:18,263 - general_log - INFO - Reading issue 2919 - 90/100
2025-03-04 17:55:18,414 - general_log - INFO - Reading issue 2917 - 91/100
2025-03-04 17:55:18,736 - general_log - INFO - Reading issue 2916 - 92/100
2025-03-04 17:55:18,894 - general_log - INFO - Reading issue 2915 - 93/100
2025-03-04 17:55:19,178 - general_log - INFO - Reading issue 2913 - 94/100
2025-03-04 17:55:19,343 - general_log - INFO - Reading issue 2912 - 95/100
2025-03-04 17:55:19,521 - general_log - INFO - Reading issue 2911 - 96/100
2025-03-04 17:55:19,649 - general_log - INFO - Reading issue 2910 - 97/100
2025-03-04 17:55:19,783 - general_log - INFO - Reading issue 2909 - 98/100
2025-03-04 17:55:19,933 - general_log - INFO - Reading issue 2907 - 99/100
2025-03-04 17:55:20,107 - general_log - INFO - Reading issue 2906 - 100/100
2025-03-04 17:55:20,308 - general_log - INFO - Getting data from https://api.github.com/search/issues?q=is%3Aissue+repo%3AJabRef%2Fjabref+is%3Aclosed+created%3A2016-08-04..2017-08-04&per_page=100&page=2
2025-03-04 17:55:21,067 - general_log - INFO - Reading issue 2905 - 1/100
2025-03-04 17:55:21,216 - general_log - INFO - Reading issue 2903 - 2/100
2025-03-04 17:55:21,571 - general_log - INFO - Reading issue 2902 - 3/100
2025-03-04 17:55:21,803 - general_log - INFO - Reading issue 2901 - 4/100
2025-03-04 17:55:22,508 - general_log - INFO - Reading issue 2900 - 5/100
2025-03-04 17:55:22,645 - general_log - INFO - Reading issue 2899 - 6/100
2025-03-04 17:55:22,825 - general_log - INFO - Reading issue 2898 - 7/100
2025-03-04 17:55:22,959 - general_log - INFO - Reading issue 2897 - 8/100
2025-03-04 17:55:23,104 - general_log - INFO - Reading issue 2896 - 9/100
2025-03-04 17:55:23,268 - general_log - INFO - Reading issue 2893 - 10/100
2025-03-04 17:55:23,591 - general_log - INFO - Reading issue 2890 - 11/100
2025-03-04 17:55:23,729 - general_log - INFO - Reading issue 2888 - 12/100
2025-03-04 17:55:23,860 - general_log - INFO - Reading issue 2887 - 13/100
2025-03-04 17:55:23,999 - general_log - INFO - Reading issue 2886 - 14/100
2025-03-04 17:55:24,184 - general_log - INFO - Reading issue 2885 - 15/100
2025-03-04 17:55:24,338 - general_log - INFO - Reading issue 2881 - 16/100
2025-03-04 17:55:24,467 - general_log - INFO - Reading issue 2880 - 17/100
2025-03-04 17:55:24,699 - general_log - INFO - Reading issue 2879 - 18/100
2025-03-04 17:55:24,837 - general_log - INFO - Reading issue 2874 - 19/100
2025-03-04 17:55:24,966 - general_log - INFO - Reading issue 2872 - 20/100
2025-03-04 17:55:25,146 - general_log - INFO - Reading issue 2871 - 21/100
2025-03-04 17:55:25,363 - general_log - INFO - Reading issue 2870 - 22/100
2025-03-04 17:55:25,528 - general_log - INFO - Reading issue 2869 - 23/100
2025-03-04 17:55:25,905 - general_log - INFO - Reading issue 2868 - 24/100
2025-03-04 17:55:26,319 - general_log - INFO - Reading issue 2867 - 25/100
2025-03-04 17:55:26,525 - general_log - INFO - Reading issue 2863 - 26/100
2025-03-04 17:55:26,639 - general_log - INFO - Reading issue 2859 - 27/100
2025-03-04 17:55:27,316 - general_log - INFO - Reading issue 2858 - 28/100
2025-03-04 17:55:27,475 - general_log - INFO - Reading issue 2857 - 29/100
2025-03-04 17:55:27,731 - general_log - INFO - Reading issue 2856 - 30/100
2025-03-04 17:55:27,897 - general_log - INFO - Reading issue 2855 - 31/100
2025-03-04 17:55:28,140 - general_log - INFO - Reading issue 2854 - 32/100
2025-03-04 17:55:28,481 - general_log - INFO - Reading issue 2853 - 33/100
2025-03-04 17:55:28,617 - general_log - INFO - Reading issue 2852 - 34/100
2025-03-04 17:55:28,906 - general_log - INFO - Reading issue 2851 - 35/100
2025-03-04 17:55:29,083 - general_log - INFO - Reading issue 2849 - 36/100
2025-03-04 17:55:29,232 - general_log - INFO - Reading issue 2848 - 37/100
2025-03-04 17:55:29,398 - general_log - INFO - Reading issue 2847 - 38/100
2025-03-04 17:55:29,673 - general_log - INFO - Reading issue 2846 - 39/100
2025-03-04 17:55:29,848 - general_log - INFO - Reading issue 2843 - 40/100
2025-03-04 17:55:30,095 - general_log - INFO - Reading issue 2842 - 41/100
2025-03-04 17:55:30,234 - general_log - INFO - Reading issue 2839 - 42/100
2025-03-04 17:55:30,506 - general_log - INFO - Reading issue 2837 - 43/100
2025-03-04 17:55:30,657 - general_log - INFO - Reading issue 2834 - 44/100
2025-03-04 17:55:30,800 - general_log - INFO - Reading issue 2833 - 45/100
2025-03-04 17:55:30,991 - general_log - INFO - Reading issue 2832 - 46/100
2025-03-04 17:55:31,122 - general_log - INFO - Reading issue 2831 - 47/100
2025-03-04 17:55:31,443 - general_log - INFO - Reading issue 2830 - 48/100
2025-03-04 17:55:31,594 - general_log - INFO - Reading issue 2829 - 49/100
2025-03-04 17:55:31,734 - general_log - INFO - Reading issue 2828 - 50/100
2025-03-04 17:55:31,878 - general_log - INFO - Reading issue 2825 - 51/100
2025-03-04 17:55:32,018 - general_log - INFO - Reading issue 2823 - 52/100
2025-03-04 17:55:32,154 - general_log - INFO - Reading issue 2822 - 53/100
2025-03-04 17:55:32,334 - general_log - INFO - Reading issue 2821 - 54/100
2025-03-04 17:55:32,496 - general_log - INFO - Reading issue 2820 - 55/100
2025-03-04 17:55:32,646 - general_log - INFO - Reading issue 2815 - 56/100
2025-03-04 17:55:32,778 - general_log - INFO - Reading issue 2812 - 57/100
2025-03-04 17:55:32,901 - general_log - INFO - Reading issue 2811 - 58/100
2025-03-04 17:55:33,067 - general_log - INFO - Reading issue 2810 - 59/100
2025-03-04 17:55:33,216 - general_log - INFO - Reading issue 2808 - 60/100
2025-03-04 17:55:33,431 - general_log - INFO - Reading issue 2807 - 61/100
2025-03-04 17:55:33,560 - general_log - INFO - Reading issue 2806 - 62/100
2025-03-04 17:55:33,891 - general_log - INFO - Reading issue 2805 - 63/100
2025-03-04 17:55:34,050 - general_log - INFO - Reading issue 2804 - 64/100
2025-03-04 17:55:34,186 - general_log - INFO - Reading issue 2803 - 65/100
2025-03-04 17:55:34,431 - general_log - INFO - Reading issue 2802 - 66/100
2025-03-04 17:55:34,762 - general_log - INFO - Reading issue 2801 - 67/100
2025-03-04 17:55:34,896 - general_log - INFO - Reading issue 2800 - 68/100
2025-03-04 17:55:35,050 - general_log - INFO - Reading issue 2799 - 69/100
2025-03-04 17:55:35,213 - general_log - INFO - Reading issue 2797 - 70/100
2025-03-04 17:55:35,391 - general_log - INFO - Reading issue 2796 - 71/100
2025-03-04 17:55:35,519 - general_log - INFO - Reading issue 2792 - 72/100
2025-03-04 17:55:35,641 - general_log - INFO - Reading issue 2790 - 73/100
2025-03-04 17:55:35,801 - general_log - INFO - Reading issue 2789 - 74/100
2025-03-04 17:55:36,194 - general_log - INFO - Reading issue 2788 - 75/100
2025-03-04 17:55:36,368 - general_log - INFO - Reading issue 2787 - 76/100
2025-03-04 17:55:36,743 - general_log - INFO - Reading issue 2786 - 77/100
2025-03-04 17:55:36,939 - general_log - INFO - Reading issue 2785 - 78/100
2025-03-04 17:55:37,075 - general_log - INFO - Reading issue 2784 - 79/100
2025-03-04 17:55:37,226 - general_log - INFO - Reading issue 2783 - 80/100
2025-03-04 17:55:37,435 - general_log - INFO - Reading issue 2782 - 81/100
2025-03-04 17:55:37,585 - general_log - INFO - Reading issue 2780 - 82/100
2025-03-04 17:55:37,727 - general_log - INFO - Reading issue 2779 - 83/100
2025-03-04 17:55:37,888 - general_log - INFO - Reading issue 2777 - 84/100
2025-03-04 17:55:38,129 - general_log - INFO - Reading issue 2776 - 85/100
2025-03-04 17:55:38,280 - general_log - INFO - Reading issue 2775 - 86/100
2025-03-04 17:55:38,643 - general_log - INFO - Reading issue 2772 - 87/100
2025-03-04 17:55:38,769 - general_log - INFO - Reading issue 2770 - 88/100
2025-03-04 17:55:38,877 - general_log - INFO - Reading issue 2769 - 89/100
2025-03-04 17:55:39,023 - general_log - INFO - Reading issue 2766 - 90/100
2025-03-04 17:55:39,170 - general_log - INFO - Reading issue 2762 - 91/100
2025-03-04 17:55:39,361 - general_log - INFO - Reading issue 2761 - 92/100
2025-03-04 17:55:39,480 - general_log - INFO - Reading issue 2760 - 93/100
2025-03-04 17:55:39,641 - general_log - INFO - Reading issue 2757 - 94/100
2025-03-04 17:55:39,819 - general_log - INFO - Reading issue 2756 - 95/100
2025-03-04 17:55:39,931 - general_log - INFO - Reading issue 2755 - 96/100
2025-03-04 17:55:40,068 - general_log - INFO - Reading issue 2753 - 97/100
2025-03-04 17:55:40,376 - general_log - INFO - Reading issue 2750 - 98/100
2025-03-04 17:55:40,592 - general_log - INFO - Reading issue 2741 - 99/100
2025-03-04 17:55:40,747 - general_log - INFO - Reading issue 2739 - 100/100
2025-03-04 17:55:40,914 - general_log - INFO - Getting data from https://api.github.com/search/issues?q=is%3Aissue+repo%3AJabRef%2Fjabref+is%3Aclosed+created%3A2016-08-04..2017-08-04&per_page=100&page=3
2025-03-04 17:55:41,807 - general_log - INFO - Reading issue 2738 - 1/100
2025-03-04 17:55:41,949 - general_log - INFO - Reading issue 2733 - 2/100
2025-03-04 17:55:42,088 - general_log - INFO - Reading issue 2729 - 3/100
2025-03-04 17:55:42,231 - general_log - INFO - Reading issue 2725 - 4/100
2025-03-04 17:55:42,355 - general_log - INFO - Reading issue 2722 - 5/100
2025-03-04 17:55:42,529 - general_log - INFO - Reading issue 2721 - 6/100
2025-03-04 17:55:42,694 - general_log - INFO - Reading issue 2718 - 7/100
2025-03-04 17:55:43,073 - general_log - INFO - Reading issue 2717 - 8/100
2025-03-04 17:55:43,200 - general_log - INFO - Reading issue 2715 - 9/100
2025-03-04 17:55:43,362 - general_log - INFO - Reading issue 2714 - 10/100
2025-03-04 17:55:43,580 - general_log - INFO - Reading issue 2713 - 11/100
2025-03-04 17:55:43,718 - general_log - INFO - Reading issue 2712 - 12/100
2025-03-04 17:55:43,864 - general_log - INFO - Reading issue 2708 - 13/100
2025-03-04 17:55:44,011 - general_log - INFO - Reading issue 2701 - 14/100
2025-03-04 17:55:44,164 - general_log - INFO - Reading issue 2700 - 15/100
2025-03-04 17:55:44,319 - general_log - INFO - Reading issue 2698 - 16/100
2025-03-04 17:55:44,474 - general_log - INFO - Reading issue 2695 - 17/100
2025-03-04 17:55:44,604 - general_log - INFO - Reading issue 2694 - 18/100
2025-03-04 17:55:44,752 - general_log - INFO - Reading issue 2691 - 19/100
2025-03-04 17:55:44,906 - general_log - INFO - Reading issue 2690 - 20/100
2025-03-04 17:55:45,098 - general_log - INFO - Reading issue 2689 - 21/100
2025-03-04 17:55:45,272 - general_log - INFO - Reading issue 2687 - 22/100
2025-03-04 17:55:45,568 - general_log - INFO - Reading issue 2682 - 23/100
2025-03-04 17:55:45,718 - general_log - INFO - Reading issue 2680 - 24/100
2025-03-04 17:55:46,050 - general_log - INFO - Reading issue 2679 - 25/100
2025-03-04 17:55:46,181 - general_log - INFO - Reading issue 2678 - 26/100
2025-03-04 17:55:46,365 - general_log - INFO - Reading issue 2677 - 27/100
2025-03-04 17:55:46,491 - general_log - INFO - Reading issue 2676 - 28/100
2025-03-04 17:55:46,669 - general_log - INFO - Reading issue 2675 - 29/100
2025-03-04 17:55:46,801 - general_log - INFO - Reading issue 2673 - 30/100
2025-03-04 17:55:46,934 - general_log - INFO - Reading issue 2671 - 31/100
2025-03-04 17:55:47,122 - general_log - INFO - Reading issue 2667 - 32/100
2025-03-04 17:55:47,409 - general_log - INFO - Reading issue 2665 - 33/100
2025-03-04 17:55:47,540 - general_log - INFO - Reading issue 2664 - 34/100
2025-03-04 17:55:47,846 - general_log - INFO - Reading issue 2662 - 35/100
2025-03-04 17:55:47,986 - general_log - INFO - Reading issue 2660 - 36/100
2025-03-04 17:55:48,281 - general_log - INFO - Reading issue 2656 - 37/100
2025-03-04 17:55:48,432 - general_log - INFO - Reading issue 2655 - 38/100
2025-03-04 17:55:48,656 - general_log - INFO - Reading issue 2653 - 39/100
2025-03-04 17:55:48,798 - general_log - INFO - Reading issue 2652 - 40/100
2025-03-04 17:55:48,945 - general_log - INFO - Reading issue 2651 - 41/100
2025-03-04 17:55:49,110 - general_log - INFO - Reading issue 2648 - 42/100
2025-03-04 17:55:49,242 - general_log - INFO - Reading issue 2647 - 43/100
2025-03-04 17:55:49,382 - general_log - INFO - Reading issue 2642 - 44/100
2025-03-04 17:55:49,536 - general_log - INFO - Reading issue 2635 - 45/100
2025-03-04 17:55:49,662 - general_log - INFO - Reading issue 2633 - 46/100
2025-03-04 17:55:49,814 - general_log - INFO - Reading issue 2630 - 47/100
2025-03-04 17:55:50,029 - general_log - INFO - Reading issue 2629 - 48/100
2025-03-04 17:55:50,241 - general_log - INFO - Reading issue 2627 - 49/100
2025-03-04 17:55:50,379 - general_log - INFO - Reading issue 2622 - 50/100
2025-03-04 17:55:50,748 - general_log - INFO - Reading issue 2620 - 51/100
2025-03-04 17:55:50,869 - general_log - INFO - Reading issue 2619 - 52/100
2025-03-04 17:55:50,994 - general_log - INFO - Reading issue 2617 - 53/100
2025-03-04 17:55:51,158 - general_log - INFO - Reading issue 2615 - 54/100
2025-03-04 17:55:51,449 - general_log - INFO - Reading issue 2613 - 55/100
2025-03-04 17:55:51,797 - general_log - INFO - Reading issue 2609 - 56/100
2025-03-04 17:55:51,998 - general_log - INFO - Reading issue 2608 - 57/100
2025-03-04 17:55:52,196 - general_log - INFO - Reading issue 2607 - 58/100
2025-03-04 17:55:52,332 - general_log - INFO - Reading issue 2606 - 59/100
2025-03-04 17:55:52,474 - general_log - INFO - Reading issue 2605 - 60/100
2025-03-04 17:55:52,604 - general_log - INFO - Reading issue 2604 - 61/100
2025-03-04 17:55:52,765 - general_log - INFO - Reading issue 2602 - 62/100
2025-03-04 17:55:52,903 - general_log - INFO - Reading issue 2600 - 63/100
2025-03-04 17:55:53,041 - general_log - INFO - Reading issue 2599 - 64/100
2025-03-04 17:55:53,184 - general_log - INFO - Reading issue 2596 - 65/100
2025-03-04 17:55:53,540 - general_log - INFO - Reading issue 2595 - 66/100
2025-03-04 17:55:53,685 - general_log - INFO - Reading issue 2594 - 67/100
2025-03-04 17:55:53,829 - general_log - INFO - Reading issue 2590 - 68/100
2025-03-04 17:55:53,997 - general_log - INFO - Reading issue 2589 - 69/100
